#
# A fatal error has been detected by the Java Runtime Environment:
#
#  EXCEPTION_ACCESS_VIOLATION (0xc0000005) at pc=0x00007ff875ed7f79, pid=2352, tid=5948
#
# JRE version: OpenJDK Runtime Environment (17.0.6) (build 17.0.6+0-b2043.56-10027231)
# Java VM: OpenJDK 64-Bit Server VM (17.0.6+0-b2043.56-10027231, mixed mode, tiered, compressed oops, compressed class ptrs, g1 gc, windows-amd64)
# Problematic frame:
# V  [jvm.dll+0x577f79]
#
# No core dump will be written. Minidumps are not enabled by default on client versions of Windows
#
# If you would like to submit a bug report, please visit:
#   https://bugreport.java.com/bugreport/crash.jsp
#

---------------  S U M M A R Y ------------

Command Line: --add-opens=java.base/java.util=ALL-UNNAMED --add-opens=java.base/java.lang=ALL-UNNAMED --add-opens=java.base/java.lang.invoke=ALL-UNNAMED --add-opens=java.prefs/java.util.prefs=ALL-UNNAMED --add-opens=java.base/java.nio.charset=ALL-UNNAMED --add-opens=java.base/java.net=ALL-UNNAMED --add-opens=java.base/java.util.concurrent.atomic=ALL-UNNAMED -Xmx2048m -Dfile.encoding=UTF-8 -Duser.country=PH -Duser.language=en -Duser.variant org.gradle.launcher.daemon.bootstrap.GradleDaemon 8.0

Host: Intel(R) Core(TM) i5-6600 CPU @ 3.30GHz, 4 cores, 15G,  Windows 10 , 64 bit Build 19041 (10.0.19041.4842)
Time: Fri Sep 27 00:15:45 2024 Malay Peninsula Standard Time elapsed time: 235.702043 seconds (0d 0h 3m 55s)

---------------  T H R E A D  ---------------

Current thread (0x0000022740c6a8b0):  JavaThread "C2 CompilerThread0" daemon [_thread_in_native, id=5948, stack(0x000000767c700000,0x000000767c800000)]


Current CompileTask:
C2: 235702 12336       4       org.gradle.internal.component.model.ComponentAttributeMatcher::match (284 bytes)

Stack: [0x000000767c700000,0x000000767c800000],  sp=0x000000767c7fa200,  free space=1000k
Native frames: (J=compiled Java code, j=interpreted, Vv=VM code, C=native code)
V  [jvm.dll+0x577f79]
V  [jvm.dll+0x59de1f]
V  [jvm.dll+0x59dd6b]
V  [jvm.dll+0x58aa53]
V  [jvm.dll+0x2243b2]
V  [jvm.dll+0x22478f]
V  [jvm.dll+0x21e055]
V  [jvm.dll+0x21b51b]
V  [jvm.dll+0x1a4fdd]
V  [jvm.dll+0x22b098]
V  [jvm.dll+0x229159]
V  [jvm.dll+0x7f81ec]
V  [jvm.dll+0x7f274a]
V  [jvm.dll+0x682ad5]
C  [ucrtbase.dll+0x21bb2]
C  [KERNEL32.DLL+0x17374]
C  [ntdll.dll+0x4cc91]


siginfo: EXCEPTION_ACCESS_VIOLATION (0xc0000005), reading address 0xffffffffffffffff


Register to memory mapping:

RIP=0x00007ff875ed7f79 jvm.dll
RAX=0x00000000000000c0 is an unknown value
RBX=0x0001022747c49e70 is an unknown value
RCX=0x000000767c7fa670 is pointing into the stack for thread: 0x0000022740c6a8b0
RDX=0x0000000000004000 is an unknown value
RSP=0x000000767c7fa200 is pointing into the stack for thread: 0x0000022740c6a8b0
RBP=0x000000000000005f is an unknown value
RSI=0x0000000000000001 is an unknown value
RDI=0x0000000000001bf5 is an unknown value
R8 =0x000000000000235d is an unknown value
R9 =0x0000000000002000 is an unknown value
R10=0x0000022747c4a9d0 points into unknown readable memory: 0x0000000000000000 | 00 00 00 00 00 00 00 00
R11=0x000000767c7fa228 is pointing into the stack for thread: 0x0000022740c6a8b0
R12=0x000000000000000d is an unknown value
R13=0x000000767c7fa670 is pointing into the stack for thread: 0x0000022740c6a8b0
R14=0x0000022747c4a940 points into unknown readable memory: 0x00007ff876289338 | 38 93 28 76 f8 7f 00 00
R15=0x0000022747c4ab40 points into unknown readable memory: 0x00007ff87629d9b8 | b8 d9 29 76 f8 7f 00 00


Registers:
RAX=0x00000000000000c0, RBX=0x0001022747c49e70, RCX=0x000000767c7fa670, RDX=0x0000000000004000
RSP=0x000000767c7fa200, RBP=0x000000000000005f, RSI=0x0000000000000001, RDI=0x0000000000001bf5
R8 =0x000000000000235d, R9 =0x0000000000002000, R10=0x0000022747c4a9d0, R11=0x000000767c7fa228
R12=0x000000000000000d, R13=0x000000767c7fa670, R14=0x0000022747c4a940, R15=0x0000022747c4ab40
RIP=0x00007ff875ed7f79, EFLAGS=0x0000000000010202

Top of Stack: (sp=0x000000767c7fa200)
0x000000767c7fa200:   000000767c7fa670 0000000000000001
0x000000767c7fa210:   000000767c7fa670 0000000000000023
0x000000767c7fa220:   000000767c7fa670 00007ff875efde1f
0x000000767c7fa230:   000000767c7fa360 0000000000000001
0x000000767c7fa240:   000000767c7fa670 0000022747c4a990
0x000000767c7fa250:   000000767c7fa670 000000000000001e
0x000000767c7fa260:   0000022747c4ab40 0000000000000001
0x000000767c7fa270:   000000767c7fa670 0000022747c4a940
0x000000767c7fa280:   0000000000000001 000000000000005f
0x000000767c7fa290:   000000767c7fa360 00007ff875efdd6b
0x000000767c7fa2a0:   000000000000000d 0000022747c4a940
0x000000767c7fa2b0:   0000000000000002 0000022747c4aa00
0x000000767c7fa2c0:   0000000000000000 00000000000f0e00
0x000000767c7fa2d0:   000002274b316290 000002274b316290
0x000000767c7fa2e0:   000000767c7fa3f0 00007ff875eeaa53
0x000000767c7fa2f0:   0000022726c17670 000000767c7fa340 

Instructions: (pc=0x00007ff875ed7f79)
0x00007ff875ed7e79:   cc cc cc cc cc cc cc 40 53 48 83 ec 20 48 8b d9
0x00007ff875ed7e89:   48 85 c9 74 18 8b 41 2c 24 0f 3c 08 75 0f ba 12
0x00007ff875ed7e99:   00 00 00 e8 2f 8e 0d 00 48 85 c0 75 52 80 3d da
0x00007ff875ed7ea9:   d5 5a 00 00 74 20 48 85 db 74 1b 8b 43 2c 24 0f
0x00007ff875ed7eb9:   3c 08 75 12 ba 11 00 00 00 48 8b cb e8 06 8e 0d
0x00007ff875ed7ec9:   00 48 85 c0 75 29 80 3d e1 d6 5a 00 00 74 29 48
0x00007ff875ed7ed9:   85 db 74 24 8b 43 2c 24 0f 3c 08 75 1b ba 08 00
0x00007ff875ed7ee9:   00 00 48 8b cb e8 dd 8d 0d 00 48 85 c0 74 09 48
0x00007ff875ed7ef9:   8b c3 48 83 c4 20 5b c3 33 c0 48 83 c4 20 5b c3
0x00007ff875ed7f09:   cc cc cc cc cc cc cc 40 53 48 83 ec 20 48 8b d9
0x00007ff875ed7f19:   48 85 c9 74 1c 8b 41 2c 24 0f 3c 08 75 13 e8 a4
0x00007ff875ed7f29:   8d 0d 00 48 85 c0 74 09 48 8b c3 48 83 c4 20 5b
0x00007ff875ed7f39:   c3 33 c0 48 83 c4 20 5b c3 cc cc cc cc cc cc cc
0x00007ff875ed7f49:   cc cc cc cc cc cc cc 48 89 5c 24 08 48 89 74 24
0x00007ff875ed7f59:   10 57 48 83 ec 20 8b 7a 28 8b 51 28 3b fa 73 0a
0x00007ff875ed7f69:   48 8b 59 30 48 8b 1c fb eb 02 33 db 48 83 e3 fe
0x00007ff875ed7f79:   48 8b 43 08 48 83 38 00 75 35 8b 43 28 3b c2 73
0x00007ff875ed7f89:   0a 48 8b 59 30 48 8b 1c c3 eb 02 33 db 48 83 e3
0x00007ff875ed7f99:   fe 4c 8b cb 48 8b 43 08 4c 8b 00 4d 85 c0 74 da
0x00007ff875ed7fa9:   8b 43 2c 49 8b d8 83 e0 07 3c 05 49 0f 45 d9 48
0x00007ff875ed7fb9:   8d 71 20 3b fa 72 0a 8b d7 48 8b ce e8 c6 8d 0e
0x00007ff875ed7fc9:   00 48 8b 46 10 48 8d 53 01 48 8b 74 24 38 48 89
0x00007ff875ed7fd9:   14 f8 48 8b c3 48 8b 5c 24 30 48 83 c4 20 5f c3
0x00007ff875ed7fe9:   cc cc cc cc cc cc cc 40 53 57 41 54 41 55 48 83
0x00007ff875ed7ff9:   ec 28 48 8b 41 08 48 8b da ba 01 00 00 00 45 0f
0x00007ff875ed8009:   b6 e0 2b 51 38 48 8b 38 48 8b cf e8 e7 8e 0d 00
0x00007ff875ed8019:   48 8b c8 e8 df a5 0e 00 48 8b 4f 08 4c 8b e8 48
0x00007ff875ed8029:   8b 39 48 85 ff 0f 84 89 01 00 00 48 89 6c 24 50
0x00007ff875ed8039:   48 89 74 24 58 4c 89 74 24 60 4c 89 7c 24 20 0f
0x00007ff875ed8049:   1f 84 00 00 00 00 00 8b 4f 2c 80 e1 0f 80 f9 08
0x00007ff875ed8059:   0f 85 4a 01 00 00 48 8b 47 08 48 8b 28 8b 45 2c
0x00007ff875ed8069:   83 e0 1f 3c 15 0f 85 35 01 00 00 ba 01 00 00 00 


Stack slot to memory mapping:
stack at sp + 0 slots: 0x000000767c7fa670 is pointing into the stack for thread: 0x0000022740c6a8b0
stack at sp + 1 slots: 0x0000000000000001 is an unknown value
stack at sp + 2 slots: 0x000000767c7fa670 is pointing into the stack for thread: 0x0000022740c6a8b0
stack at sp + 3 slots: 0x0000000000000023 is an unknown value
stack at sp + 4 slots: 0x000000767c7fa670 is pointing into the stack for thread: 0x0000022740c6a8b0
stack at sp + 5 slots: 0x00007ff875efde1f jvm.dll
stack at sp + 6 slots: 0x000000767c7fa360 is pointing into the stack for thread: 0x0000022740c6a8b0
stack at sp + 7 slots: 0x0000000000000001 is an unknown value


---------------  P R O C E S S  ---------------

Threads class SMR info:
_java_thread_list=0x000002274a1e0dd0, length=81, elements={
0x0000022726c008f0, 0x0000022740c40620, 0x0000022740c413a0, 0x0000022740c48530,
0x0000022740c0f590, 0x0000022740c69400, 0x0000022740c69cc0, 0x0000022740c6a8b0,
0x0000022740c6d1c0, 0x0000022740cddbd0, 0x0000022740de6d90, 0x0000022740de9270,
0x0000022741a77a90, 0x00000227423b40c0, 0x000002274221f880, 0x0000022741bb6fa0,
0x0000022741bb7940, 0x0000022741bb52c0, 0x0000022741bb4920, 0x0000022741bb6600,
0x0000022741bb7e10, 0x0000022741bb82e0, 0x0000022741bb6130, 0x0000022741bb4df0,
0x0000022743884480, 0x00000227438827a0, 0x00000227450d0f20, 0x0000022743881460,
0x000002274387fc50, 0x0000022743880120, 0x0000022743882c70, 0x00000227438822d0,
0x000002274387f2b0, 0x0000022743883fb0, 0x0000022743883610, 0x0000022743885c90,
0x0000022743883ae0, 0x00000227438805f0, 0x0000022743880ac0, 0x000002274387e910,
0x0000022743343ad0, 0x000002274387ede0, 0x0000022743884950, 0x0000022743880f90,
0x0000022743881930, 0x0000022743881e00, 0x00000227450caee0, 0x00000227450cd560,
0x00000227450cb3b0, 0x00000227450ced70, 0x00000227450cb880, 0x00000227450d18c0,
0x00000227450cdf00, 0x00000227450ce8a0, 0x00000227450cf240, 0x00000227450d0580,
0x00000227450d0a50, 0x0000022741bb6ad0, 0x0000022741bb5c60, 0x0000022741bb7470,
0x0000022741bb5790, 0x0000022747c26530, 0x0000022747c25b90, 0x0000022747c256c0,
0x0000022747c24380, 0x0000022747c27870, 0x0000022747c2a3c0, 0x0000022747c28210,
0x0000022747c26060, 0x0000022747c273a0, 0x0000022747c27d40, 0x0000022747c26a00,
0x0000022747c26ed0, 0x0000022747c2b700, 0x0000022747c29080, 0x0000022747c29550,
0x0000022747c286e0, 0x0000022747c23eb0, 0x0000022747c29a20, 0x0000022747c28bb0,
0x0000022747c29ef0
}

Java Threads: ( => current thread )
  0x0000022726c008f0 JavaThread "main" [_thread_blocked, id=1380, stack(0x000000767ba00000,0x000000767bb00000)]
  0x0000022740c40620 JavaThread "Reference Handler" daemon [_thread_blocked, id=9096, stack(0x000000767c100000,0x000000767c200000)]
  0x0000022740c413a0 JavaThread "Finalizer" daemon [_thread_blocked, id=5680, stack(0x000000767c200000,0x000000767c300000)]
  0x0000022740c48530 JavaThread "Signal Dispatcher" daemon [_thread_blocked, id=1460, stack(0x000000767c300000,0x000000767c400000)]
  0x0000022740c0f590 JavaThread "Attach Listener" daemon [_thread_blocked, id=7520, stack(0x000000767c400000,0x000000767c500000)]
  0x0000022740c69400 JavaThread "Service Thread" daemon [_thread_blocked, id=4124, stack(0x000000767c500000,0x000000767c600000)]
  0x0000022740c69cc0 JavaThread "Monitor Deflation Thread" daemon [_thread_blocked, id=8948, stack(0x000000767c600000,0x000000767c700000)]
=>0x0000022740c6a8b0 JavaThread "C2 CompilerThread0" daemon [_thread_in_native, id=5948, stack(0x000000767c700000,0x000000767c800000)]
  0x0000022740c6d1c0 JavaThread "C1 CompilerThread0" daemon [_thread_blocked, id=3668, stack(0x000000767c800000,0x000000767c900000)]
  0x0000022740cddbd0 JavaThread "Sweeper thread" daemon [_thread_blocked, id=7180, stack(0x000000767c900000,0x000000767ca00000)]
  0x0000022740de6d90 JavaThread "Common-Cleaner" daemon [_thread_blocked, id=1108, stack(0x000000767ca00000,0x000000767cb00000)]
  0x0000022740de9270 JavaThread "Notification Thread" daemon [_thread_blocked, id=7108, stack(0x000000767cb00000,0x000000767cc00000)]
  0x0000022741a77a90 JavaThread "Daemon health stats" [_thread_blocked, id=4896, stack(0x000000767cd00000,0x000000767ce00000)]
  0x00000227423b40c0 JavaThread "Incoming local TCP Connector on port 50126" [_thread_in_native, id=3340, stack(0x000000767d100000,0x000000767d200000)]
  0x000002274221f880 JavaThread "Daemon periodic checks" [_thread_blocked, id=10108, stack(0x000000767d200000,0x000000767d300000)]
  0x0000022741bb6fa0 JavaThread "Cache worker for journal cache (C:\Users\RIVERA-PC\.gradle\caches\journal-1)" [_thread_blocked, id=11980, stack(0x000000767da00000,0x000000767db00000)]
  0x0000022741bb7940 JavaThread "File lock request listener" [_thread_in_native, id=6688, stack(0x000000767db00000,0x000000767dc00000)]
  0x0000022741bb52c0 JavaThread "Cache worker for file hash cache (C:\Users\RIVERA-PC\.gradle\caches\8.0\fileHashes)" [_thread_blocked, id=2328, stack(0x000000767dc00000,0x000000767dd00000)]
  0x0000022741bb4920 JavaThread "File watcher server" daemon [_thread_in_native, id=8592, stack(0x000000767df00000,0x000000767e000000)]
  0x0000022741bb6600 JavaThread "File watcher consumer" daemon [_thread_blocked, id=4380, stack(0x000000767dd00000,0x000000767de00000)]
  0x0000022741bb7e10 JavaThread "jar transforms" [_thread_blocked, id=1956, stack(0x000000767e100000,0x000000767e200000)]
  0x0000022741bb82e0 JavaThread "jar transforms Thread 2" [_thread_blocked, id=5588, stack(0x000000767e200000,0x000000767e300000)]
  0x0000022741bb6130 JavaThread "jar transforms Thread 3" [_thread_blocked, id=10740, stack(0x000000767e300000,0x000000767e400000)]
  0x0000022741bb4df0 JavaThread "jar transforms Thread 4" [_thread_blocked, id=5688, stack(0x000000767e400000,0x000000767e500000)]
  0x0000022743884480 JavaThread "Cache worker for file content cache (C:\Users\RIVERA-PC\.gradle\caches\8.0\fileContent)" [_thread_blocked, id=2040, stack(0x000000767e600000,0x000000767e700000)]
  0x00000227438827a0 JavaThread "Cache worker for execution history cache (C:\Users\RIVERA-PC\.gradle\caches\8.0\executionHistory)" [_thread_blocked, id=2324, stack(0x000000767e900000,0x000000767ea00000)]
  0x00000227450d0f20 JavaThread "Memory manager" [_thread_blocked, id=11596, stack(0x0000007601600000,0x0000007601700000)]
  0x0000022743881460 JavaThread "Daemon Thread 2" [_thread_blocked, id=10300, stack(0x0000007600000000,0x0000007600100000)]
  0x000002274387fc50 JavaThread "Handler for socket connection from /127.0.0.1:50126 to /127.0.0.1:50151" [_thread_in_native, id=6436, stack(0x0000007600100000,0x0000007600200000)]
  0x0000022743880120 JavaThread "Cancel handler" [_thread_blocked, id=1988, stack(0x0000007600200000,0x0000007600300000)]
  0x0000022743882c70 JavaThread "Daemon worker Thread 2" [_thread_blocked, id=10512, stack(0x0000007600300000,0x0000007600400000)]
  0x00000227438822d0 JavaThread "Asynchronous log dispatcher for DefaultDaemonConnection: socket connection from /127.0.0.1:50126 to /127.0.0.1:50151" [_thread_blocked, id=7084, stack(0x0000007600400000,0x0000007600500000)]
  0x000002274387f2b0 JavaThread "Stdin handler" [_thread_blocked, id=9892, stack(0x0000007600500000,0x0000007600600000)]
  0x0000022743883fb0 JavaThread "Daemon client event forwarder" [_thread_blocked, id=9708, stack(0x0000007600600000,0x0000007600700000)]
  0x0000022743883610 JavaThread "Cache worker for checksums cache (C:\Users\RIVERA-PC\Documents\GitHub\wejeep\.gradle\8.0\checksums)" [_thread_blocked, id=10452, stack(0x0000007600700000,0x0000007600800000)]
  0x0000022743885c90 JavaThread "Cache worker for cache directory md-rule (C:\Users\RIVERA-PC\.gradle\caches\8.0\md-rule)" [_thread_blocked, id=6716, stack(0x0000007600800000,0x0000007600900000)]
  0x0000022743883ae0 JavaThread "Cache worker for file hash cache (C:\Users\RIVERA-PC\Documents\GitHub\wejeep\.gradle\8.0\fileHashes)" [_thread_blocked, id=10648, stack(0x0000007600900000,0x0000007600a00000)]
  0x00000227438805f0 JavaThread "Cache worker for cache directory md-supplier (C:\Users\RIVERA-PC\.gradle\caches\8.0\md-supplier)" [_thread_blocked, id=7080, stack(0x0000007600a00000,0x0000007600b00000)]
  0x0000022743880ac0 JavaThread "Cache worker for dependencies-accessors (C:\Users\RIVERA-PC\Documents\GitHub\wejeep\.gradle\8.0\dependencies-accessors)" [_thread_blocked, id=2420, stack(0x0000007600c00000,0x0000007600d00000)]
  0x000002274387e910 JavaThread "Cache worker for Build Output Cleanup Cache (C:\Users\RIVERA-PC\Documents\GitHub\wejeep\.gradle\buildOutputCleanup)" [_thread_blocked, id=6504, stack(0x0000007600d00000,0x0000007600e00000)]
  0x0000022743343ad0 JavaThread "C2 CompilerThread1" daemon [_thread_in_native, id=6220, stack(0x0000007600b00000,0x0000007600c00000)]
  0x000002274387ede0 JavaThread "Unconstrained build operations" [_thread_new, id=5736, stack(0x0000000000000000,0x0000000000000000)]
  0x0000022743884950 JavaThread "Unconstrained build operations Thread 2" [_thread_new, id=7644, stack(0x0000000000000000,0x0000000000000000)]
  0x0000022743880f90 JavaThread "Unconstrained build operations Thread 3" [_thread_new, id=9072, stack(0x0000000000000000,0x0000000000000000)]
  0x0000022743881930 JavaThread "Unconstrained build operations Thread 4" [_thread_new, id=1844, stack(0x0000000000000000,0x0000000000000000)]
  0x0000022743881e00 JavaThread "Unconstrained build operations Thread 5" [_thread_new, id=11632, stack(0x0000000000000000,0x0000000000000000)]
  0x00000227450caee0 JavaThread "Unconstrained build operations Thread 6" [_thread_new, id=5096, stack(0x0000000000000000,0x0000000000000000)]
  0x00000227450cd560 JavaThread "Unconstrained build operations Thread 7" [_thread_new, id=6536, stack(0x0000000000000000,0x0000000000000000)]
  0x00000227450cb3b0 JavaThread "Unconstrained build operations Thread 8" [_thread_new, id=7440, stack(0x0000000000000000,0x0000000000000000)]
  0x00000227450ced70 JavaThread "Unconstrained build operations Thread 9" [_thread_new, id=9104, stack(0x0000000000000000,0x0000000000000000)]
  0x00000227450cb880 JavaThread "Unconstrained build operations Thread 10" [_thread_new, id=4772, stack(0x0000000000000000,0x0000000000000000)]
  0x00000227450d18c0 JavaThread "Unconstrained build operations Thread 11" [_thread_new, id=4324, stack(0x0000000000000000,0x0000000000000000)]
  0x00000227450cdf00 JavaThread "Unconstrained build operations Thread 12" [_thread_new, id=2268, stack(0x0000000000000000,0x0000000000000000)]
  0x00000227450ce8a0 JavaThread "Unconstrained build operations Thread 13" [_thread_new, id=3052, stack(0x0000000000000000,0x0000000000000000)]
  0x00000227450cf240 JavaThread "Unconstrained build operations Thread 14" [_thread_new, id=4512, stack(0x0000000000000000,0x0000000000000000)]
  0x00000227450d0580 JavaThread "Unconstrained build operations Thread 15" [_thread_new, id=7492, stack(0x0000000000000000,0x0000000000000000)]
  0x00000227450d0a50 JavaThread "Unconstrained build operations Thread 16" [_thread_new, id=10144, stack(0x0000000000000000,0x0000000000000000)]
  0x0000022741bb6ad0 JavaThread "Unconstrained build operations Thread 17" [_thread_new, id=7364, stack(0x0000000000000000,0x0000000000000000)]
  0x0000022741bb5c60 JavaThread "Unconstrained build operations Thread 18" [_thread_new, id=6616, stack(0x0000000000000000,0x0000000000000000)]
  0x0000022741bb7470 JavaThread "Unconstrained build operations Thread 19" [_thread_new, id=3336, stack(0x0000000000000000,0x0000000000000000)]
  0x0000022741bb5790 JavaThread "Unconstrained build operations Thread 20" [_thread_new, id=900, stack(0x0000000000000000,0x0000000000000000)]
  0x0000022747c26530 JavaThread "Unconstrained build operations Thread 21" [_thread_new, id=7576, stack(0x0000000000000000,0x0000000000000000)]
  0x0000022747c25b90 JavaThread "Unconstrained build operations Thread 22" [_thread_new, id=6148, stack(0x0000000000000000,0x0000000000000000)]
  0x0000022747c256c0 JavaThread "Unconstrained build operations Thread 23" [_thread_new, id=11508, stack(0x0000000000000000,0x0000000000000000)]
  0x0000022747c24380 JavaThread "Unconstrained build operations Thread 24" [_thread_new, id=1912, stack(0x0000000000000000,0x0000000000000000)]
  0x0000022747c27870 JavaThread "Unconstrained build operations Thread 25" [_thread_new, id=9212, stack(0x0000000000000000,0x0000000000000000)]
  0x0000022747c2a3c0 JavaThread "Unconstrained build operations Thread 26" [_thread_new, id=3060, stack(0x0000000000000000,0x0000000000000000)]
  0x0000022747c28210 JavaThread "Unconstrained build operations Thread 27" [_thread_new, id=5392, stack(0x0000000000000000,0x0000000000000000)]
  0x0000022747c26060 JavaThread "Unconstrained build operations Thread 28" [_thread_new, id=1496, stack(0x0000000000000000,0x0000000000000000)]
  0x0000022747c273a0 JavaThread "Unconstrained build operations Thread 29" [_thread_new, id=10124, stack(0x0000000000000000,0x0000000000000000)]
  0x0000022747c27d40 JavaThread "Unconstrained build operations Thread 30" [_thread_new, id=10000, stack(0x0000000000000000,0x0000000000000000)]
  0x0000022747c26a00 JavaThread "Unconstrained build operations Thread 31" [_thread_new, id=6396, stack(0x0000000000000000,0x0000000000000000)]
  0x0000022747c26ed0 JavaThread "Unconstrained build operations Thread 32" [_thread_new, id=5308, stack(0x0000000000000000,0x0000000000000000)]
  0x0000022747c2b700 JavaThread "Unconstrained build operations Thread 33" [_thread_new, id=12148, stack(0x0000000000000000,0x0000000000000000)]
  0x0000022747c29080 JavaThread "Unconstrained build operations Thread 34" [_thread_new, id=1004, stack(0x0000000000000000,0x0000000000000000)]
  0x0000022747c29550 JavaThread "Unconstrained build operations Thread 35" [_thread_new, id=1176, stack(0x0000000000000000,0x0000000000000000)]
  0x0000022747c286e0 JavaThread "Unconstrained build operations Thread 36" [_thread_new, id=7848, stack(0x0000000000000000,0x0000000000000000)]
  0x0000022747c23eb0 JavaThread "Unconstrained build operations Thread 37" [_thread_new, id=8012, stack(0x0000000000000000,0x0000000000000000)]
  0x0000022747c29a20 JavaThread "Unconstrained build operations Thread 38" [_thread_new, id=4804, stack(0x0000000000000000,0x0000000000000000)]
  0x0000022747c28bb0 JavaThread "Unconstrained build operations Thread 39" [_thread_new, id=5340, stack(0x0000000000000000,0x0000000000000000)]
  0x0000022747c29ef0 JavaThread "Unconstrained build operations Thread 40" [_thread_new, id=6264, stack(0x0000000000000000,0x0000000000000000)]

Other Threads:
  0x00000227401b8570 VMThread "VM Thread" [stack: 0x000000767c000000,0x000000767c100000] [id=4652]
  0x0000022740de9b50 WatcherThread [stack: 0x000000767cc00000,0x000000767cd00000] [id=3212]
  0x0000022726c5cef0 GCTaskThread "GC Thread#0" [stack: 0x000000767bb00000,0x000000767bc00000] [id=8712]
  0x000002274128ecc0 GCTaskThread "GC Thread#1" [stack: 0x000000767ce00000,0x000000767cf00000] [id=6748]
  0x00000227411e8870 GCTaskThread "GC Thread#2" [stack: 0x000000767cf00000,0x000000767d000000] [id=8520]
  0x00000227411e8b20 GCTaskThread "GC Thread#3" [stack: 0x000000767d000000,0x000000767d100000] [id=4796]
  0x0000022726c6dd40 ConcurrentGCThread "G1 Main Marker" [stack: 0x000000767bc00000,0x000000767bd00000] [id=10192]
  0x0000022726c6e660 ConcurrentGCThread "G1 Conc#0" [stack: 0x000000767bd00000,0x000000767be00000] [id=11192]
  0x0000022726ccd8c0 ConcurrentGCThread "G1 Refine#0" [stack: 0x000000767be00000,0x000000767bf00000] [id=2936]
  0x000002274006a3f0 ConcurrentGCThread "G1 Service" [stack: 0x000000767bf00000,0x000000767c000000] [id=11180]

Threads with active compile tasks:
C2 CompilerThread0   235804 12336       4       org.gradle.internal.component.model.ComponentAttributeMatcher::match (284 bytes)
C2 CompilerThread1   235804 12338       4       org.gradle.api.internal.attributes.DefaultAttributesSchema$DefaultAttributeMatcher::matches (17 bytes)

VM state: not at safepoint (normal execution)

VM Mutex/Monitor currently owned by a thread: None

Heap address: 0x0000000080000000, size: 2048 MB, Compressed Oops mode: 32-bit

CDS archive(s) not mapped
Compressed class space mapped at: 0x0000000100000000-0x0000000140000000, reserved size: 1073741824
Narrow klass base: 0x0000000000000000, Narrow klass shift: 3, Narrow klass range: 0x140000000

GC Precious Log:
 CPUs: 4 total, 4 available
 Memory: 16267M
 Large Page Support: Disabled
 NUMA Support: Disabled
 Compressed Oops: Enabled (32-bit)
 Heap Region Size: 1M
 Heap Min Capacity: 8M
 Heap Initial Capacity: 256M
 Heap Max Capacity: 2G
 Pre-touch: Disabled
 Parallel Workers: 4
 Concurrent Workers: 1
 Concurrent Refinement Workers: 4
 Periodic GC: Disabled

Heap:
 garbage-first heap   total 266240K, used 159171K [0x0000000080000000, 0x0000000100000000)
  region size 1024K, 11 young (11264K), 2 survivors (2048K)
 Metaspace       used 100526K, committed 101440K, reserved 1138688K
  class space    used 13417K, committed 13888K, reserved 1048576K

Heap Regions: E=young(eden), S=young(survivor), O=old, HS=humongous(starts), HC=humongous(continues), CS=collection set, F=free, OA=open archive, CA=closed archive, TAMS=top-at-mark-start (previous, next)
|   0|0x0000000080000000, 0x0000000080100000, 0x0000000080100000|100%| O|  |TAMS 0x0000000080100000, 0x0000000080000000| Untracked 
|   1|0x0000000080100000, 0x0000000080200000, 0x0000000080200000|100%| O|  |TAMS 0x0000000080200000, 0x0000000080100000| Untracked 
|   2|0x0000000080200000, 0x0000000080300000, 0x0000000080300000|100%|HS|  |TAMS 0x0000000080300000, 0x0000000080200000| Complete 
|   3|0x0000000080300000, 0x0000000080400000, 0x0000000080400000|100%|HC|  |TAMS 0x0000000080400000, 0x0000000080300000| Complete 
|   4|0x0000000080400000, 0x0000000080500000, 0x0000000080500000|100%|HC|  |TAMS 0x0000000080500000, 0x0000000080400000| Complete 
|   5|0x0000000080500000, 0x0000000080600000, 0x0000000080600000|100%|HC|  |TAMS 0x0000000080600000, 0x0000000080500000| Complete 
|   6|0x0000000080600000, 0x0000000080700000, 0x0000000080700000|100%| O|  |TAMS 0x0000000080700000, 0x0000000080600000| Untracked 
|   7|0x0000000080700000, 0x0000000080800000, 0x0000000080800000|100%| O|  |TAMS 0x0000000080800000, 0x0000000080700000| Untracked 
|   8|0x0000000080800000, 0x0000000080900000, 0x0000000080900000|100%| O|  |TAMS 0x0000000080900000, 0x0000000080800000| Untracked 
|   9|0x0000000080900000, 0x0000000080a00000, 0x0000000080a00000|100%| O|  |TAMS 0x0000000080a00000, 0x0000000080900000| Untracked 
|  10|0x0000000080a00000, 0x0000000080b00000, 0x0000000080b00000|100%| O|  |TAMS 0x0000000080b00000, 0x0000000080a00000| Untracked 
|  11|0x0000000080b00000, 0x0000000080c00000, 0x0000000080c00000|100%|HS|  |TAMS 0x0000000080c00000, 0x0000000080b00000| Complete 
|  12|0x0000000080c00000, 0x0000000080d00000, 0x0000000080d00000|100%| O|  |TAMS 0x0000000080d00000, 0x0000000080c00000| Untracked 
|  13|0x0000000080d00000, 0x0000000080e00000, 0x0000000080e00000|100%| O|  |TAMS 0x0000000080e00000, 0x0000000080d00000| Untracked 
|  14|0x0000000080e00000, 0x0000000080f00000, 0x0000000080f00000|100%| O|  |TAMS 0x0000000080f00000, 0x0000000080e00000| Untracked 
|  15|0x0000000080f00000, 0x0000000081000000, 0x0000000081000000|100%| O|  |TAMS 0x0000000081000000, 0x0000000080f00000| Untracked 
|  16|0x0000000081000000, 0x0000000081100000, 0x0000000081100000|100%| O|  |TAMS 0x0000000081100000, 0x0000000081000000| Untracked 
|  17|0x0000000081100000, 0x0000000081200000, 0x0000000081200000|100%| O|  |TAMS 0x0000000081200000, 0x0000000081100000| Untracked 
|  18|0x0000000081200000, 0x0000000081300000, 0x0000000081300000|100%| O|  |TAMS 0x0000000081300000, 0x0000000081200000| Untracked 
|  19|0x0000000081300000, 0x0000000081400000, 0x0000000081400000|100%|HS|  |TAMS 0x0000000081400000, 0x0000000081300000| Complete 
|  20|0x0000000081400000, 0x0000000081500000, 0x0000000081500000|100%|HC|  |TAMS 0x0000000081500000, 0x0000000081400000| Complete 
|  21|0x0000000081500000, 0x0000000081600000, 0x0000000081600000|100%|HS|  |TAMS 0x0000000081600000, 0x0000000081500000| Complete 
|  22|0x0000000081600000, 0x0000000081700000, 0x0000000081700000|100%|HC|  |TAMS 0x0000000081700000, 0x0000000081600000| Complete 
|  23|0x0000000081700000, 0x0000000081800000, 0x0000000081800000|100%|HC|  |TAMS 0x0000000081800000, 0x0000000081700000| Complete 
|  24|0x0000000081800000, 0x0000000081900000, 0x0000000081900000|100%| O|  |TAMS 0x0000000081900000, 0x0000000081800000| Untracked 
|  25|0x0000000081900000, 0x0000000081a00000, 0x0000000081a00000|100%| O|  |TAMS 0x0000000081a00000, 0x0000000081900000| Untracked 
|  26|0x0000000081a00000, 0x0000000081b00000, 0x0000000081b00000|100%| O|  |TAMS 0x0000000081b00000, 0x0000000081a00000| Untracked 
|  27|0x0000000081b00000, 0x0000000081c00000, 0x0000000081c00000|100%|HS|  |TAMS 0x0000000081c00000, 0x0000000081b00000| Complete 
|  28|0x0000000081c00000, 0x0000000081d00000, 0x0000000081d00000|100%|HC|  |TAMS 0x0000000081d00000, 0x0000000081c00000| Complete 
|  29|0x0000000081d00000, 0x0000000081e00000, 0x0000000081e00000|100%|HC|  |TAMS 0x0000000081e00000, 0x0000000081d00000| Complete 
|  30|0x0000000081e00000, 0x0000000081f00000, 0x0000000081f00000|100%| O|  |TAMS 0x0000000081f00000, 0x0000000081e00000| Untracked 
|  31|0x0000000081f00000, 0x0000000082000000, 0x0000000082000000|100%| O|  |TAMS 0x0000000082000000, 0x0000000081f00000| Untracked 
|  32|0x0000000082000000, 0x0000000082100000, 0x0000000082100000|100%| O|  |TAMS 0x0000000082100000, 0x0000000082000000| Untracked 
|  33|0x0000000082100000, 0x0000000082200000, 0x0000000082200000|100%|HS|  |TAMS 0x0000000082200000, 0x0000000082100000| Complete 
|  34|0x0000000082200000, 0x0000000082300000, 0x0000000082300000|100%|HC|  |TAMS 0x0000000082300000, 0x0000000082200000| Complete 
|  35|0x0000000082300000, 0x0000000082400000, 0x0000000082400000|100%| O|  |TAMS 0x0000000082400000, 0x0000000082300000| Untracked 
|  36|0x0000000082400000, 0x0000000082500000, 0x0000000082500000|100%| O|  |TAMS 0x0000000082500000, 0x0000000082400000| Untracked 
|  37|0x0000000082500000, 0x0000000082600000, 0x0000000082600000|100%| O|  |TAMS 0x0000000082600000, 0x0000000082500000| Untracked 
|  38|0x0000000082600000, 0x0000000082700000, 0x0000000082700000|100%| O|  |TAMS 0x0000000082700000, 0x0000000082600000| Untracked 
|  39|0x0000000082700000, 0x0000000082800000, 0x0000000082800000|100%| O|  |TAMS 0x0000000082800000, 0x0000000082700000| Untracked 
|  40|0x0000000082800000, 0x0000000082900000, 0x0000000082900000|100%| O|  |TAMS 0x0000000082900000, 0x0000000082800000| Untracked 
|  41|0x0000000082900000, 0x0000000082a00000, 0x0000000082a00000|100%| O|  |TAMS 0x0000000082a00000, 0x0000000082900000| Untracked 
|  42|0x0000000082a00000, 0x0000000082b00000, 0x0000000082b00000|100%|HS|  |TAMS 0x0000000082b00000, 0x0000000082a00000| Complete 
|  43|0x0000000082b00000, 0x0000000082c00000, 0x0000000082c00000|100%|HC|  |TAMS 0x0000000082c00000, 0x0000000082b00000| Complete 
|  44|0x0000000082c00000, 0x0000000082d00000, 0x0000000082d00000|100%|HC|  |TAMS 0x0000000082d00000, 0x0000000082c00000| Complete 
|  45|0x0000000082d00000, 0x0000000082e00000, 0x0000000082e00000|100%|HS|  |TAMS 0x0000000082e00000, 0x0000000082d00000| Complete 
|  46|0x0000000082e00000, 0x0000000082f00000, 0x0000000082f00000|100%|HC|  |TAMS 0x0000000082f00000, 0x0000000082e00000| Complete 
|  47|0x0000000082f00000, 0x0000000083000000, 0x0000000083000000|100%|HC|  |TAMS 0x0000000083000000, 0x0000000082f00000| Complete 
|  48|0x0000000083000000, 0x0000000083100000, 0x0000000083100000|100%|HC|  |TAMS 0x0000000083100000, 0x0000000083000000| Complete 
|  49|0x0000000083100000, 0x0000000083200000, 0x0000000083200000|100%|HC|  |TAMS 0x0000000083200000, 0x0000000083100000| Complete 
|  50|0x0000000083200000, 0x0000000083300000, 0x0000000083300000|100%|HC|  |TAMS 0x0000000083300000, 0x0000000083200000| Complete 
|  51|0x0000000083300000, 0x0000000083400000, 0x0000000083400000|100%|HC|  |TAMS 0x0000000083400000, 0x0000000083300000| Complete 
|  52|0x0000000083400000, 0x0000000083500000, 0x0000000083500000|100%|HC|  |TAMS 0x0000000083500000, 0x0000000083400000| Complete 
|  53|0x0000000083500000, 0x0000000083600000, 0x0000000083600000|100%|HC|  |TAMS 0x0000000083600000, 0x0000000083500000| Complete 
|  54|0x0000000083600000, 0x0000000083700000, 0x0000000083700000|100%|HC|  |TAMS 0x0000000083700000, 0x0000000083600000| Complete 
|  55|0x0000000083700000, 0x0000000083800000, 0x0000000083800000|100%|HC|  |TAMS 0x0000000083800000, 0x0000000083700000| Complete 
|  56|0x0000000083800000, 0x0000000083900000, 0x0000000083900000|100%|HC|  |TAMS 0x0000000083900000, 0x0000000083800000| Complete 
|  57|0x0000000083900000, 0x0000000083a00000, 0x0000000083a00000|100%| O|  |TAMS 0x0000000083a00000, 0x0000000083900000| Untracked 
|  58|0x0000000083a00000, 0x0000000083b00000, 0x0000000083b00000|100%|HS|  |TAMS 0x0000000083b00000, 0x0000000083a00000| Complete 
|  59|0x0000000083b00000, 0x0000000083c00000, 0x0000000083c00000|100%|HC|  |TAMS 0x0000000083c00000, 0x0000000083b00000| Complete 
|  60|0x0000000083c00000, 0x0000000083d00000, 0x0000000083d00000|100%|HC|  |TAMS 0x0000000083d00000, 0x0000000083c00000| Complete 
|  61|0x0000000083d00000, 0x0000000083e00000, 0x0000000083e00000|100%| O|  |TAMS 0x0000000083e00000, 0x0000000083d00000| Untracked 
|  62|0x0000000083e00000, 0x0000000083f00000, 0x0000000083f00000|100%| O|  |TAMS 0x0000000083f00000, 0x0000000083e00000| Untracked 
|  63|0x0000000083f00000, 0x0000000084000000, 0x0000000084000000|100%| O|  |TAMS 0x0000000084000000, 0x0000000083f00000| Untracked 
|  64|0x0000000084000000, 0x0000000084100000, 0x0000000084100000|100%| O|  |TAMS 0x0000000084100000, 0x0000000084000000| Untracked 
|  65|0x0000000084100000, 0x0000000084200000, 0x0000000084200000|100%| O|  |TAMS 0x0000000084200000, 0x0000000084100000| Untracked 
|  66|0x0000000084200000, 0x0000000084300000, 0x0000000084300000|100%| O|  |TAMS 0x0000000084300000, 0x0000000084200000| Untracked 
|  67|0x0000000084300000, 0x0000000084400000, 0x0000000084400000|100%| O|  |TAMS 0x0000000084400000, 0x0000000084300000| Untracked 
|  68|0x0000000084400000, 0x0000000084500000, 0x0000000084500000|100%| O|  |TAMS 0x0000000084500000, 0x0000000084400000| Untracked 
|  69|0x0000000084500000, 0x0000000084600000, 0x0000000084600000|100%| O|  |TAMS 0x0000000084600000, 0x0000000084500000| Untracked 
|  70|0x0000000084600000, 0x0000000084700000, 0x0000000084700000|100%| O|  |TAMS 0x0000000084700000, 0x0000000084600000| Untracked 
|  71|0x0000000084700000, 0x0000000084800000, 0x0000000084800000|100%|HS|  |TAMS 0x0000000084800000, 0x0000000084700000| Complete 
|  72|0x0000000084800000, 0x0000000084900000, 0x0000000084900000|100%|HS|  |TAMS 0x0000000084900000, 0x0000000084800000| Complete 
|  73|0x0000000084900000, 0x0000000084a00000, 0x0000000084a00000|100%| O|  |TAMS 0x0000000084a00000, 0x0000000084900000| Untracked 
|  74|0x0000000084a00000, 0x0000000084b00000, 0x0000000084b00000|100%| O|  |TAMS 0x0000000084b00000, 0x0000000084a00000| Untracked 
|  75|0x0000000084b00000, 0x0000000084c00000, 0x0000000084c00000|100%| O|  |TAMS 0x0000000084c00000, 0x0000000084b00000| Untracked 
|  76|0x0000000084c00000, 0x0000000084d00000, 0x0000000084d00000|100%| O|  |TAMS 0x0000000084d00000, 0x0000000084c00000| Untracked 
|  77|0x0000000084d00000, 0x0000000084e00000, 0x0000000084e00000|100%| O|  |TAMS 0x0000000084e00000, 0x0000000084d00000| Untracked 
|  78|0x0000000084e00000, 0x0000000084f00000, 0x0000000084f00000|100%| O|  |TAMS 0x0000000084f00000, 0x0000000084e00000| Untracked 
|  79|0x0000000084f00000, 0x0000000085000000, 0x0000000085000000|100%| O|  |TAMS 0x0000000085000000, 0x0000000084f00000| Untracked 
|  80|0x0000000085000000, 0x0000000085100000, 0x0000000085100000|100%| O|  |TAMS 0x0000000085100000, 0x0000000085000000| Untracked 
|  81|0x0000000085100000, 0x0000000085200000, 0x0000000085200000|100%| O|  |TAMS 0x0000000085200000, 0x0000000085100000| Untracked 
|  82|0x0000000085200000, 0x0000000085300000, 0x0000000085300000|100%| O|  |TAMS 0x0000000085300000, 0x0000000085200000| Untracked 
|  83|0x0000000085300000, 0x0000000085400000, 0x0000000085400000|100%| O|  |TAMS 0x0000000085400000, 0x0000000085300000| Untracked 
|  84|0x0000000085400000, 0x0000000085500000, 0x0000000085500000|100%| O|  |TAMS 0x0000000085500000, 0x0000000085400000| Untracked 
|  85|0x0000000085500000, 0x0000000085600000, 0x0000000085600000|100%| O|  |TAMS 0x0000000085600000, 0x0000000085500000| Untracked 
|  86|0x0000000085600000, 0x0000000085700000, 0x0000000085700000|100%| O|  |TAMS 0x0000000085700000, 0x0000000085600000| Untracked 
|  87|0x0000000085700000, 0x0000000085800000, 0x0000000085800000|100%| O|  |TAMS 0x0000000085800000, 0x0000000085700000| Untracked 
|  88|0x0000000085800000, 0x0000000085900000, 0x0000000085900000|100%| O|  |TAMS 0x0000000085900000, 0x0000000085800000| Untracked 
|  89|0x0000000085900000, 0x0000000085a00000, 0x0000000085a00000|100%| O|  |TAMS 0x0000000085a00000, 0x0000000085900000| Untracked 
|  90|0x0000000085a00000, 0x0000000085b00000, 0x0000000085b00000|100%| O|  |TAMS 0x0000000085b00000, 0x0000000085a00000| Untracked 
|  91|0x0000000085b00000, 0x0000000085c00000, 0x0000000085c00000|100%| O|  |TAMS 0x0000000085c00000, 0x0000000085b00000| Untracked 
|  92|0x0000000085c00000, 0x0000000085d00000, 0x0000000085d00000|100%| O|  |TAMS 0x0000000085d00000, 0x0000000085c00000| Untracked 
|  93|0x0000000085d00000, 0x0000000085e00000, 0x0000000085e00000|100%|HS|  |TAMS 0x0000000085e00000, 0x0000000085d00000| Complete 
|  94|0x0000000085e00000, 0x0000000085f00000, 0x0000000085f00000|100%|HC|  |TAMS 0x0000000085f00000, 0x0000000085e00000| Complete 
|  95|0x0000000085f00000, 0x0000000086000000, 0x0000000086000000|100%|HS|  |TAMS 0x0000000086000000, 0x0000000085f00000| Complete 
|  96|0x0000000086000000, 0x0000000086100000, 0x0000000086100000|100%|HC|  |TAMS 0x0000000086100000, 0x0000000086000000| Complete 
|  97|0x0000000086100000, 0x0000000086200000, 0x0000000086200000|100%|HC|  |TAMS 0x0000000086200000, 0x0000000086100000| Complete 
|  98|0x0000000086200000, 0x0000000086300000, 0x0000000086300000|100%| O|  |TAMS 0x0000000086300000, 0x0000000086200000| Untracked 
|  99|0x0000000086300000, 0x0000000086400000, 0x0000000086400000|100%|HS|  |TAMS 0x0000000086400000, 0x0000000086300000| Complete 
| 100|0x0000000086400000, 0x0000000086500000, 0x0000000086500000|100%|HC|  |TAMS 0x0000000086500000, 0x0000000086400000| Complete 
| 101|0x0000000086500000, 0x0000000086600000, 0x0000000086600000|100%|HC|  |TAMS 0x0000000086600000, 0x0000000086500000| Complete 
| 102|0x0000000086600000, 0x0000000086700000, 0x0000000086700000|100%|HS|  |TAMS 0x0000000086700000, 0x0000000086600000| Complete 
| 103|0x0000000086700000, 0x0000000086800000, 0x0000000086800000|100%|HC|  |TAMS 0x0000000086800000, 0x0000000086700000| Complete 
| 104|0x0000000086800000, 0x0000000086900000, 0x0000000086900000|100%|HC|  |TAMS 0x0000000086900000, 0x0000000086800000| Complete 
| 105|0x0000000086900000, 0x0000000086a00000, 0x0000000086a00000|100%|HC|  |TAMS 0x0000000086a00000, 0x0000000086900000| Complete 
| 106|0x0000000086a00000, 0x0000000086b00000, 0x0000000086b00000|100%|HC|  |TAMS 0x0000000086b00000, 0x0000000086a00000| Complete 
| 107|0x0000000086b00000, 0x0000000086c00000, 0x0000000086c00000|100%|HC|  |TAMS 0x0000000086c00000, 0x0000000086b00000| Complete 
| 108|0x0000000086c00000, 0x0000000086d00000, 0x0000000086d00000|100%|HC|  |TAMS 0x0000000086d00000, 0x0000000086c00000| Complete 
| 109|0x0000000086d00000, 0x0000000086e00000, 0x0000000086e00000|100%|HC|  |TAMS 0x0000000086e00000, 0x0000000086d00000| Complete 
| 110|0x0000000086e00000, 0x0000000086f00000, 0x0000000086f00000|100%|HC|  |TAMS 0x0000000086f00000, 0x0000000086e00000| Complete 
| 111|0x0000000086f00000, 0x0000000087000000, 0x0000000087000000|100%|HC|  |TAMS 0x0000000087000000, 0x0000000086f00000| Complete 
| 112|0x0000000087000000, 0x0000000087100000, 0x0000000087100000|100%|HC|  |TAMS 0x0000000087100000, 0x0000000087000000| Complete 
| 113|0x0000000087100000, 0x0000000087200000, 0x0000000087200000|100%|HC|  |TAMS 0x0000000087200000, 0x0000000087100000| Complete 
| 114|0x0000000087200000, 0x0000000087300000, 0x0000000087300000|100%|HS|  |TAMS 0x0000000087300000, 0x0000000087200000| Complete 
| 115|0x0000000087300000, 0x0000000087400000, 0x0000000087400000|100%|HC|  |TAMS 0x0000000087400000, 0x0000000087300000| Complete 
| 116|0x0000000087400000, 0x0000000087500000, 0x0000000087500000|100%| O|  |TAMS 0x0000000087500000, 0x0000000087400000| Untracked 
| 117|0x0000000087500000, 0x0000000087600000, 0x0000000087600000|100%| O|  |TAMS 0x0000000087600000, 0x0000000087500000| Untracked 
| 118|0x0000000087600000, 0x0000000087700000, 0x0000000087700000|100%| O|  |TAMS 0x0000000087700000, 0x0000000087600000| Untracked 
| 119|0x0000000087700000, 0x0000000087800000, 0x0000000087800000|100%| O|  |TAMS 0x0000000087800000, 0x0000000087700000| Untracked 
| 120|0x0000000087800000, 0x0000000087900000, 0x0000000087900000|100%| O|  |TAMS 0x0000000087900000, 0x0000000087800000| Untracked 
| 121|0x0000000087900000, 0x0000000087a00000, 0x0000000087a00000|100%| O|  |TAMS 0x0000000087a00000, 0x0000000087900000| Untracked 
| 122|0x0000000087a00000, 0x0000000087b00000, 0x0000000087b00000|100%| O|  |TAMS 0x0000000087b00000, 0x0000000087a00000| Untracked 
| 123|0x0000000087b00000, 0x0000000087c00000, 0x0000000087c00000|100%| O|  |TAMS 0x0000000087c00000, 0x0000000087b00000| Untracked 
| 124|0x0000000087c00000, 0x0000000087d00000, 0x0000000087d00000|100%| O|  |TAMS 0x0000000087d00000, 0x0000000087c00000| Untracked 
| 125|0x0000000087d00000, 0x0000000087e00000, 0x0000000087e00000|100%| O|  |TAMS 0x0000000087e00000, 0x0000000087d00000| Untracked 
| 126|0x0000000087e00000, 0x0000000087f00000, 0x0000000087f00000|100%| O|  |TAMS 0x0000000087f00000, 0x0000000087e00000| Untracked 
| 127|0x0000000087f00000, 0x0000000088000000, 0x0000000088000000|100%| O|  |TAMS 0x0000000088000000, 0x0000000087f00000| Untracked 
| 128|0x0000000088000000, 0x0000000088100000, 0x0000000088100000|100%| O|  |TAMS 0x0000000088100000, 0x0000000088000000| Untracked 
| 129|0x0000000088100000, 0x0000000088200000, 0x0000000088200000|100%| O|  |TAMS 0x0000000088200000, 0x0000000088100000| Untracked 
| 130|0x0000000088200000, 0x0000000088300000, 0x0000000088300000|100%| O|  |TAMS 0x0000000088300000, 0x0000000088200000| Untracked 
| 131|0x0000000088300000, 0x0000000088400000, 0x0000000088400000|100%| O|  |TAMS 0x0000000088400000, 0x0000000088300000| Untracked 
| 132|0x0000000088400000, 0x0000000088500000, 0x0000000088500000|100%| O|  |TAMS 0x0000000088500000, 0x0000000088400000| Untracked 
| 133|0x0000000088500000, 0x0000000088600000, 0x0000000088600000|100%| O|  |TAMS 0x0000000088600000, 0x0000000088500000| Untracked 
| 134|0x0000000088600000, 0x0000000088600000, 0x0000000088700000|  0%| F|  |TAMS 0x0000000088600000, 0x0000000088600000| Untracked 
| 135|0x0000000088700000, 0x0000000088800000, 0x0000000088800000|100%| O|  |TAMS 0x0000000088800000, 0x0000000088700000| Untracked 
| 136|0x0000000088800000, 0x0000000088900000, 0x0000000088900000|100%| O|  |TAMS 0x0000000088900000, 0x0000000088800000| Untracked 
| 137|0x0000000088900000, 0x0000000088a00000, 0x0000000088a00000|100%| O|  |TAMS 0x0000000088a00000, 0x0000000088900000| Untracked 
| 138|0x0000000088a00000, 0x0000000088a00000, 0x0000000088b00000|  0%| F|  |TAMS 0x0000000088a00000, 0x0000000088a00000| Untracked 
| 139|0x0000000088b00000, 0x0000000088c00000, 0x0000000088c00000|100%| O|  |TAMS 0x0000000088c00000, 0x0000000088b00000| Untracked 
| 140|0x0000000088c00000, 0x0000000088d00000, 0x0000000088d00000|100%| O|  |TAMS 0x0000000088c00000, 0x0000000088c00000| Untracked 
| 141|0x0000000088d00000, 0x0000000088e00000, 0x0000000088e00000|100%| O|  |TAMS 0x0000000088d00000, 0x0000000088d00000| Untracked 
| 142|0x0000000088e00000, 0x0000000088f00000, 0x0000000088f00000|100%| O|  |TAMS 0x0000000088e00000, 0x0000000088e00000| Untracked 
| 143|0x0000000088f00000, 0x0000000089000000, 0x0000000089000000|100%| O|  |TAMS 0x0000000088f00000, 0x0000000088f00000| Untracked 
| 144|0x0000000089000000, 0x0000000089100000, 0x0000000089100000|100%| O|  |TAMS 0x0000000089000000, 0x0000000089000000| Untracked 
| 145|0x0000000089100000, 0x0000000089200000, 0x0000000089200000|100%| O|  |TAMS 0x0000000089100000, 0x0000000089100000| Untracked 
| 146|0x0000000089200000, 0x0000000089300000, 0x0000000089300000|100%| O|  |TAMS 0x0000000089200000, 0x0000000089200000| Untracked 
| 147|0x0000000089300000, 0x0000000089380600, 0x0000000089400000| 50%| O|  |TAMS 0x0000000089300000, 0x0000000089300000| Untracked 
| 148|0x0000000089400000, 0x0000000089400000, 0x0000000089500000|  0%| F|  |TAMS 0x0000000089400000, 0x0000000089400000| Untracked 
| 149|0x0000000089500000, 0x0000000089500000, 0x0000000089600000|  0%| F|  |TAMS 0x0000000089500000, 0x0000000089500000| Untracked 
| 150|0x0000000089600000, 0x0000000089600000, 0x0000000089700000|  0%| F|  |TAMS 0x0000000089600000, 0x0000000089600000| Untracked 
| 151|0x0000000089700000, 0x0000000089700000, 0x0000000089800000|  0%| F|  |TAMS 0x0000000089700000, 0x0000000089700000| Untracked 
| 152|0x0000000089800000, 0x0000000089800000, 0x0000000089900000|  0%| F|  |TAMS 0x0000000089800000, 0x0000000089800000| Untracked 
| 153|0x0000000089900000, 0x0000000089900000, 0x0000000089a00000|  0%| F|  |TAMS 0x0000000089900000, 0x0000000089900000| Untracked 
| 154|0x0000000089a00000, 0x0000000089a00000, 0x0000000089b00000|  0%| F|  |TAMS 0x0000000089a00000, 0x0000000089a00000| Untracked 
| 155|0x0000000089b00000, 0x0000000089b00000, 0x0000000089c00000|  0%| F|  |TAMS 0x0000000089b00000, 0x0000000089b00000| Untracked 
| 156|0x0000000089c00000, 0x0000000089c00000, 0x0000000089d00000|  0%| F|  |TAMS 0x0000000089c00000, 0x0000000089c00000| Untracked 
| 157|0x0000000089d00000, 0x0000000089d00000, 0x0000000089e00000|  0%| F|  |TAMS 0x0000000089d00000, 0x0000000089d00000| Untracked 
| 158|0x0000000089e00000, 0x0000000089e00000, 0x0000000089f00000|  0%| F|  |TAMS 0x0000000089e00000, 0x0000000089e00000| Untracked 
| 159|0x0000000089f00000, 0x0000000089f00000, 0x000000008a000000|  0%| F|  |TAMS 0x0000000089f00000, 0x0000000089f00000| Untracked 
| 160|0x000000008a000000, 0x000000008a000000, 0x000000008a100000|  0%| F|  |TAMS 0x000000008a000000, 0x000000008a000000| Untracked 
| 161|0x000000008a100000, 0x000000008a100000, 0x000000008a200000|  0%| F|  |TAMS 0x000000008a100000, 0x000000008a100000| Untracked 
| 162|0x000000008a200000, 0x000000008a200000, 0x000000008a300000|  0%| F|  |TAMS 0x000000008a200000, 0x000000008a200000| Untracked 
| 163|0x000000008a300000, 0x000000008a300000, 0x000000008a400000|  0%| F|  |TAMS 0x000000008a300000, 0x000000008a300000| Untracked 
| 164|0x000000008a400000, 0x000000008a400000, 0x000000008a500000|  0%| F|  |TAMS 0x000000008a400000, 0x000000008a400000| Untracked 
| 165|0x000000008a500000, 0x000000008a500000, 0x000000008a600000|  0%| F|  |TAMS 0x000000008a500000, 0x000000008a500000| Untracked 
| 166|0x000000008a600000, 0x000000008a600000, 0x000000008a700000|  0%| F|  |TAMS 0x000000008a600000, 0x000000008a600000| Untracked 
| 167|0x000000008a700000, 0x000000008a700000, 0x000000008a800000|  0%| F|  |TAMS 0x000000008a700000, 0x000000008a700000| Untracked 
| 168|0x000000008a800000, 0x000000008a800000, 0x000000008a900000|  0%| F|  |TAMS 0x000000008a800000, 0x000000008a800000| Untracked 
| 169|0x000000008a900000, 0x000000008a900000, 0x000000008aa00000|  0%| F|  |TAMS 0x000000008a900000, 0x000000008a900000| Untracked 
| 170|0x000000008aa00000, 0x000000008aa00000, 0x000000008ab00000|  0%| F|  |TAMS 0x000000008aa00000, 0x000000008aa00000| Untracked 
| 171|0x000000008ab00000, 0x000000008ab00000, 0x000000008ac00000|  0%| F|  |TAMS 0x000000008ab00000, 0x000000008ab00000| Untracked 
| 172|0x000000008ac00000, 0x000000008ac00000, 0x000000008ad00000|  0%| F|  |TAMS 0x000000008ac00000, 0x000000008ac00000| Untracked 
| 173|0x000000008ad00000, 0x000000008ad00000, 0x000000008ae00000|  0%| F|  |TAMS 0x000000008ad00000, 0x000000008ad00000| Untracked 
| 174|0x000000008ae00000, 0x000000008ae00000, 0x000000008af00000|  0%| F|  |TAMS 0x000000008ae00000, 0x000000008ae00000| Untracked 
| 175|0x000000008af00000, 0x000000008af00000, 0x000000008b000000|  0%| F|  |TAMS 0x000000008af00000, 0x000000008af00000| Untracked 
| 176|0x000000008b000000, 0x000000008b000000, 0x000000008b100000|  0%| F|  |TAMS 0x000000008b000000, 0x000000008b000000| Untracked 
| 177|0x000000008b100000, 0x000000008b100000, 0x000000008b200000|  0%| F|  |TAMS 0x000000008b100000, 0x000000008b100000| Untracked 
| 178|0x000000008b200000, 0x000000008b200000, 0x000000008b300000|  0%| F|  |TAMS 0x000000008b200000, 0x000000008b200000| Untracked 
| 179|0x000000008b300000, 0x000000008b300000, 0x000000008b400000|  0%| F|  |TAMS 0x000000008b300000, 0x000000008b300000| Untracked 
| 180|0x000000008b400000, 0x000000008b400000, 0x000000008b500000|  0%| F|  |TAMS 0x000000008b400000, 0x000000008b400000| Untracked 
| 181|0x000000008b500000, 0x000000008b500000, 0x000000008b600000|  0%| F|  |TAMS 0x000000008b500000, 0x000000008b500000| Untracked 
| 182|0x000000008b600000, 0x000000008b600000, 0x000000008b700000|  0%| F|  |TAMS 0x000000008b600000, 0x000000008b600000| Untracked 
| 183|0x000000008b700000, 0x000000008b700000, 0x000000008b800000|  0%| F|  |TAMS 0x000000008b700000, 0x000000008b700000| Untracked 
| 184|0x000000008b800000, 0x000000008b800000, 0x000000008b900000|  0%| F|  |TAMS 0x000000008b800000, 0x000000008b800000| Untracked 
| 185|0x000000008b900000, 0x000000008b900000, 0x000000008ba00000|  0%| F|  |TAMS 0x000000008b900000, 0x000000008b900000| Untracked 
| 186|0x000000008ba00000, 0x000000008ba00000, 0x000000008bb00000|  0%| F|  |TAMS 0x000000008ba00000, 0x000000008ba00000| Untracked 
| 187|0x000000008bb00000, 0x000000008bb00000, 0x000000008bc00000|  0%| F|  |TAMS 0x000000008bb00000, 0x000000008bb00000| Untracked 
| 188|0x000000008bc00000, 0x000000008bc00000, 0x000000008bd00000|  0%| F|  |TAMS 0x000000008bc00000, 0x000000008bc00000| Untracked 
| 189|0x000000008bd00000, 0x000000008bd00000, 0x000000008be00000|  0%| F|  |TAMS 0x000000008bd00000, 0x000000008bd00000| Untracked 
| 190|0x000000008be00000, 0x000000008be00000, 0x000000008bf00000|  0%| F|  |TAMS 0x000000008be00000, 0x000000008be00000| Untracked 
| 191|0x000000008bf00000, 0x000000008bf00000, 0x000000008c000000|  0%| F|  |TAMS 0x000000008bf00000, 0x000000008bf00000| Untracked 
| 192|0x000000008c000000, 0x000000008c000000, 0x000000008c100000|  0%| F|  |TAMS 0x000000008c000000, 0x000000008c000000| Untracked 
| 193|0x000000008c100000, 0x000000008c100000, 0x000000008c200000|  0%| F|  |TAMS 0x000000008c100000, 0x000000008c100000| Untracked 
| 194|0x000000008c200000, 0x000000008c200000, 0x000000008c300000|  0%| F|  |TAMS 0x000000008c200000, 0x000000008c200000| Untracked 
| 195|0x000000008c300000, 0x000000008c300000, 0x000000008c400000|  0%| F|  |TAMS 0x000000008c300000, 0x000000008c300000| Untracked 
| 196|0x000000008c400000, 0x000000008c400000, 0x000000008c500000|  0%| F|  |TAMS 0x000000008c400000, 0x000000008c400000| Untracked 
| 197|0x000000008c500000, 0x000000008c500000, 0x000000008c600000|  0%| F|  |TAMS 0x000000008c500000, 0x000000008c500000| Untracked 
| 198|0x000000008c600000, 0x000000008c600000, 0x000000008c700000|  0%| F|  |TAMS 0x000000008c600000, 0x000000008c600000| Untracked 
| 199|0x000000008c700000, 0x000000008c700000, 0x000000008c800000|  0%| F|  |TAMS 0x000000008c700000, 0x000000008c700000| Untracked 
| 200|0x000000008c800000, 0x000000008c800000, 0x000000008c900000|  0%| F|  |TAMS 0x000000008c800000, 0x000000008c800000| Untracked 
| 201|0x000000008c900000, 0x000000008c900000, 0x000000008ca00000|  0%| F|  |TAMS 0x000000008c900000, 0x000000008c900000| Untracked 
| 202|0x000000008ca00000, 0x000000008ca00000, 0x000000008cb00000|  0%| F|  |TAMS 0x000000008ca00000, 0x000000008ca00000| Untracked 
| 203|0x000000008cb00000, 0x000000008cb00000, 0x000000008cc00000|  0%| F|  |TAMS 0x000000008cb00000, 0x000000008cb00000| Untracked 
| 204|0x000000008cc00000, 0x000000008cc00000, 0x000000008cd00000|  0%| F|  |TAMS 0x000000008cc00000, 0x000000008cc00000| Untracked 
| 205|0x000000008cd00000, 0x000000008cd00000, 0x000000008ce00000|  0%| F|  |TAMS 0x000000008cd00000, 0x000000008cd00000| Untracked 
| 206|0x000000008ce00000, 0x000000008ce00000, 0x000000008cf00000|  0%| F|  |TAMS 0x000000008ce00000, 0x000000008ce00000| Untracked 
| 207|0x000000008cf00000, 0x000000008cf00000, 0x000000008d000000|  0%| F|  |TAMS 0x000000008cf00000, 0x000000008cf00000| Untracked 
| 208|0x000000008d000000, 0x000000008d000000, 0x000000008d100000|  0%| F|  |TAMS 0x000000008d000000, 0x000000008d000000| Untracked 
| 209|0x000000008d100000, 0x000000008d100000, 0x000000008d200000|  0%| F|  |TAMS 0x000000008d100000, 0x000000008d100000| Untracked 
| 210|0x000000008d200000, 0x000000008d200000, 0x000000008d300000|  0%| F|  |TAMS 0x000000008d200000, 0x000000008d200000| Untracked 
| 211|0x000000008d300000, 0x000000008d300000, 0x000000008d400000|  0%| F|  |TAMS 0x000000008d300000, 0x000000008d300000| Untracked 
| 212|0x000000008d400000, 0x000000008d400000, 0x000000008d500000|  0%| F|  |TAMS 0x000000008d400000, 0x000000008d400000| Untracked 
| 213|0x000000008d500000, 0x000000008d500000, 0x000000008d600000|  0%| F|  |TAMS 0x000000008d500000, 0x000000008d500000| Untracked 
| 214|0x000000008d600000, 0x000000008d600000, 0x000000008d700000|  0%| F|  |TAMS 0x000000008d600000, 0x000000008d600000| Untracked 
| 215|0x000000008d700000, 0x000000008d700000, 0x000000008d800000|  0%| F|  |TAMS 0x000000008d700000, 0x000000008d700000| Untracked 
| 216|0x000000008d800000, 0x000000008d800000, 0x000000008d900000|  0%| F|  |TAMS 0x000000008d800000, 0x000000008d800000| Untracked 
| 217|0x000000008d900000, 0x000000008d900000, 0x000000008da00000|  0%| F|  |TAMS 0x000000008d900000, 0x000000008d900000| Untracked 
| 218|0x000000008da00000, 0x000000008da00000, 0x000000008db00000|  0%| F|  |TAMS 0x000000008da00000, 0x000000008da00000| Untracked 
| 219|0x000000008db00000, 0x000000008db00000, 0x000000008dc00000|  0%| F|  |TAMS 0x000000008db00000, 0x000000008db00000| Untracked 
| 220|0x000000008dc00000, 0x000000008dc00000, 0x000000008dd00000|  0%| F|  |TAMS 0x000000008dc00000, 0x000000008dc00000| Untracked 
| 221|0x000000008dd00000, 0x000000008dd00000, 0x000000008de00000|  0%| F|  |TAMS 0x000000008dd00000, 0x000000008dd00000| Untracked 
| 222|0x000000008de00000, 0x000000008de00000, 0x000000008df00000|  0%| F|  |TAMS 0x000000008de00000, 0x000000008de00000| Untracked 
| 223|0x000000008df00000, 0x000000008df00000, 0x000000008e000000|  0%| F|  |TAMS 0x000000008df00000, 0x000000008df00000| Untracked 
| 224|0x000000008e000000, 0x000000008e000000, 0x000000008e100000|  0%| F|  |TAMS 0x000000008e000000, 0x000000008e000000| Untracked 
| 225|0x000000008e100000, 0x000000008e100000, 0x000000008e200000|  0%| F|  |TAMS 0x000000008e100000, 0x000000008e100000| Untracked 
| 226|0x000000008e200000, 0x000000008e200000, 0x000000008e300000|  0%| F|  |TAMS 0x000000008e200000, 0x000000008e200000| Untracked 
| 227|0x000000008e300000, 0x000000008e300000, 0x000000008e400000|  0%| F|  |TAMS 0x000000008e300000, 0x000000008e300000| Untracked 
| 228|0x000000008e400000, 0x000000008e400000, 0x000000008e500000|  0%| F|  |TAMS 0x000000008e400000, 0x000000008e400000| Untracked 
| 229|0x000000008e500000, 0x000000008e500000, 0x000000008e600000|  0%| F|  |TAMS 0x000000008e500000, 0x000000008e500000| Untracked 
| 230|0x000000008e600000, 0x000000008e600000, 0x000000008e700000|  0%| F|  |TAMS 0x000000008e600000, 0x000000008e600000| Untracked 
| 231|0x000000008e700000, 0x000000008e700000, 0x000000008e800000|  0%| F|  |TAMS 0x000000008e700000, 0x000000008e700000| Untracked 
| 232|0x000000008e800000, 0x000000008e800000, 0x000000008e900000|  0%| F|  |TAMS 0x000000008e800000, 0x000000008e800000| Untracked 
| 233|0x000000008e900000, 0x000000008e900000, 0x000000008ea00000|  0%| F|  |TAMS 0x000000008e900000, 0x000000008e900000| Untracked 
| 234|0x000000008ea00000, 0x000000008ea00000, 0x000000008eb00000|  0%| F|  |TAMS 0x000000008ea00000, 0x000000008ea00000| Untracked 
| 235|0x000000008eb00000, 0x000000008eb00000, 0x000000008ec00000|  0%| F|  |TAMS 0x000000008eb00000, 0x000000008eb00000| Untracked 
| 236|0x000000008ec00000, 0x000000008ec00000, 0x000000008ed00000|  0%| F|  |TAMS 0x000000008ec00000, 0x000000008ec00000| Untracked 
| 237|0x000000008ed00000, 0x000000008ed00000, 0x000000008ee00000|  0%| F|  |TAMS 0x000000008ed00000, 0x000000008ed00000| Untracked 
| 238|0x000000008ee00000, 0x000000008ee00000, 0x000000008ef00000|  0%| F|  |TAMS 0x000000008ee00000, 0x000000008ee00000| Untracked 
| 239|0x000000008ef00000, 0x000000008ef00000, 0x000000008f000000|  0%| F|  |TAMS 0x000000008ef00000, 0x000000008ef00000| Untracked 
| 240|0x000000008f000000, 0x000000008f000000, 0x000000008f100000|  0%| F|  |TAMS 0x000000008f000000, 0x000000008f000000| Untracked 
| 241|0x000000008f100000, 0x000000008f100000, 0x000000008f200000|  0%| F|  |TAMS 0x000000008f100000, 0x000000008f100000| Untracked 
| 242|0x000000008f200000, 0x000000008f200000, 0x000000008f300000|  0%| F|  |TAMS 0x000000008f200000, 0x000000008f200000| Untracked 
| 243|0x000000008f300000, 0x000000008f300000, 0x000000008f400000|  0%| F|  |TAMS 0x000000008f300000, 0x000000008f300000| Untracked 
| 244|0x000000008f400000, 0x000000008f400000, 0x000000008f500000|  0%| F|  |TAMS 0x000000008f400000, 0x000000008f400000| Untracked 
| 245|0x000000008f500000, 0x000000008f500000, 0x000000008f600000|  0%| F|  |TAMS 0x000000008f500000, 0x000000008f500000| Untracked 
| 246|0x000000008f600000, 0x000000008f600000, 0x000000008f700000|  0%| F|  |TAMS 0x000000008f600000, 0x000000008f600000| Untracked 
| 247|0x000000008f700000, 0x000000008f700000, 0x000000008f800000|  0%| F|  |TAMS 0x000000008f700000, 0x000000008f700000| Untracked 
| 248|0x000000008f800000, 0x000000008f800000, 0x000000008f900000|  0%| F|  |TAMS 0x000000008f800000, 0x000000008f800000| Untracked 
| 249|0x000000008f900000, 0x000000008f9f0618, 0x000000008fa00000| 93%| S|CS|TAMS 0x000000008f900000, 0x000000008f900000| Complete 
| 250|0x000000008fa00000, 0x000000008fb00000, 0x000000008fb00000|100%| S|CS|TAMS 0x000000008fa00000, 0x000000008fa00000| Complete 
| 251|0x000000008fb00000, 0x000000008fb89368, 0x000000008fc00000| 53%| E|  |TAMS 0x000000008fb00000, 0x000000008fb00000| Complete 
| 252|0x000000008fc00000, 0x000000008fd00000, 0x000000008fd00000|100%| E|CS|TAMS 0x000000008fc00000, 0x000000008fc00000| Complete 
| 253|0x000000008fd00000, 0x000000008fe00000, 0x000000008fe00000|100%| E|CS|TAMS 0x000000008fd00000, 0x000000008fd00000| Complete 
| 254|0x000000008fe00000, 0x000000008ff00000, 0x000000008ff00000|100%| E|CS|TAMS 0x000000008fe00000, 0x000000008fe00000| Complete 
| 255|0x000000008ff00000, 0x0000000090000000, 0x0000000090000000|100%| E|CS|TAMS 0x000000008ff00000, 0x000000008ff00000| Complete 
| 256|0x0000000090000000, 0x0000000090100000, 0x0000000090100000|100%| E|CS|TAMS 0x0000000090000000, 0x0000000090000000| Complete 
| 257|0x0000000090100000, 0x0000000090200000, 0x0000000090200000|100%| E|CS|TAMS 0x0000000090100000, 0x0000000090100000| Complete 
| 258|0x0000000090200000, 0x0000000090300000, 0x0000000090300000|100%| E|CS|TAMS 0x0000000090200000, 0x0000000090200000| Complete 
| 259|0x0000000090300000, 0x0000000090400000, 0x0000000090400000|100%| E|CS|TAMS 0x0000000090300000, 0x0000000090300000| Complete 

Card table byte_map: [0x00000227394d0000,0x00000227398d0000] _byte_map_base: 0x00000227390d0000

Marking Bits (Prev, Next): (CMBitMap*) 0x0000022726c5d450, (CMBitMap*) 0x0000022726c5d410
 Prev Bits: [0x000002273bcd0000, 0x000002273dcd0000)
 Next Bits: [0x0000022739cd0000, 0x000002273bcd0000)

Polling page: 0x0000022724b60000

Metaspace:

Usage:
  Non-class:     85.07 MB used.
      Class:     13.10 MB used.
       Both:     98.17 MB used.

Virtual space:
  Non-class space:       88.00 MB reserved,      85.50 MB ( 97%) committed,  11 nodes.
      Class space:        1.00 GB reserved,      13.56 MB (  1%) committed,  1 nodes.
             Both:        1.09 GB reserved,      99.06 MB (  9%) committed. 

Chunk freelists:
   Non-Class:  2.27 MB
       Class:  2.43 MB
        Both:  4.69 MB

MaxMetaspaceSize: unlimited
CompressedClassSpaceSize: 1.00 GB
Initial GC threshold: 21.00 MB
Current GC threshold: 162.00 MB
CDS: off
MetaspaceReclaimPolicy: balanced
 - commit_granule_bytes: 65536.
 - commit_granule_words: 8192.
 - virtual_space_node_default_size: 1048576.
 - enlarge_chunks_in_place: 1.
 - new_chunks_are_fully_committed: 0.
 - uncommit_free_chunks: 1.
 - use_allocation_guard: 0.
 - handle_deallocations: 1.


Internal statistics:

num_allocs_failed_limit: 3.
num_arena_births: 1254.
num_arena_deaths: 4.
num_vsnodes_births: 12.
num_vsnodes_deaths: 0.
num_space_committed: 1584.
num_space_uncommitted: 0.
num_chunks_returned_to_freelist: 7.
num_chunks_taken_from_freelist: 5176.
num_chunk_merges: 5.
num_chunk_splits: 3285.
num_chunks_enlarged: 2075.
num_purges: 2.
num_inconsistent_stats: 0.

CodeHeap 'non-profiled nmethods': size=120000Kb used=6958Kb max_used=6958Kb free=113042Kb
 bounds [0x0000022731ba0000, 0x0000022732270000, 0x00000227390d0000]
CodeHeap 'profiled nmethods': size=120000Kb used=21521Kb max_used=21521Kb free=98478Kb
 bounds [0x000002272a0d0000, 0x000002272b5e0000, 0x0000022731600000]
CodeHeap 'non-nmethods': size=5760Kb used=2415Kb max_used=2522Kb free=3344Kb
 bounds [0x0000022731600000, 0x0000022731880000, 0x0000022731ba0000]
 total_blobs=11749 nmethods=10799 adapters=862
 compilation: enabled
              stopped_count=0, restarted_count=0
 full_count=0

Compilation events (20 events):
Event: 235.390 Thread 0x0000022743345e40 12333   !   4       org.gradle.cache.internal.LockOnDemandCrossProcessCacheAccess::incrementLockCount (193 bytes)
Event: 235.423 Thread 0x0000022743345e40 nmethod 12333 0x0000022732266e90 code [0x00000227322670e0, 0x0000022732267c80]
Event: 235.525 Thread 0x0000022740c6d1c0 12334       3       org.gradle.internal.component.external.model.AbstractMutableModuleComponentResolveMetadata$MutableVariantImpl::addFile (20 bytes)
Event: 235.525 Thread 0x0000022740c6d1c0 nmethod 12334 0x000002272b5ca610 code [0x000002272b5ca7c0, 0x000002272b5cab68]
Event: 235.527 Thread 0x0000022740c6d1c0 12335   !   3       org.gradle.api.internal.model.NamedObjectInstantiator::named (56 bytes)
Event: 235.527 Thread 0x0000022740c6d1c0 nmethod 12335 0x000002272b5cac90 code [0x000002272b5caf20, 0x000002272b5cbb88]
Event: 235.527 Thread 0x0000022740c6a8b0 12336       4       org.gradle.internal.component.model.ComponentAttributeMatcher::match (284 bytes)
Event: 235.591 Thread 0x0000022740c6d1c0 12341       3       org.gradle.api.internal.artifacts.ivyservice.modulecache.MissingModuleCacheEntry::<init> (8 bytes)
Event: 235.591 Thread 0x0000022740c6d1c0 nmethod 12341 0x000002272b5cc310 code [0x000002272b5cc4c0, 0x000002272b5cc698]
Event: 235.592 Thread 0x0000022743343ad0 12340       4       org.gradle.internal.component.external.model.DefaultModuleComponentSelector::<init> (120 bytes)
Event: 235.596 Thread 0x0000022740c6d1c0 12343       3       org.gradle.api.internal.artifacts.ivyservice.resolveengine.graph.selectors.SelectorStateResolver::resolveConflicts (76 bytes)
Event: 235.597 Thread 0x0000022740c6d1c0 nmethod 12343 0x000002272b5cc790 code [0x000002272b5cc9e0, 0x000002272b5cd368]
Event: 235.600 Thread 0x0000022743343ad0 nmethod 12340 0x0000022732268490 code [0x0000022732268640, 0x0000022732268d18]
Event: 235.600 Thread 0x0000022743343ad0 12342       4       org.gradle.internal.component.external.model.DefaultModuleComponentIdentifier::getModule (10 bytes)
Event: 235.601 Thread 0x0000022743343ad0 nmethod 12342 0x0000022732269090 code [0x0000022732269220, 0x00000227322692f8]
Event: 235.601 Thread 0x0000022743343ad0 12339       4       org.gradle.api.internal.artifacts.ivyservice.modulecache.StringDeduplicatingDecoder::readNullableString (30 bytes)
Event: 235.611 Thread 0x0000022743343ad0 nmethod 12339 0x0000022732269410 code [0x0000022732269600, 0x0000022732269f70]
Event: 235.611 Thread 0x0000022743343ad0 12337       4       org.gradle.api.internal.attributes.DefaultAttributesSchema::withProducer (17 bytes)
Event: 235.614 Thread 0x0000022743343ad0 nmethod 12337 0x000002273226a690 code [0x000002273226a820, 0x000002273226aaf8]
Event: 235.614 Thread 0x0000022743343ad0 12338       4       org.gradle.api.internal.attributes.DefaultAttributesSchema$DefaultAttributeMatcher::matches (17 bytes)

GC Heap History (20 events):
Event: 45.058 GC heap before
{Heap before GC invocations=50 (full 0):
 garbage-first heap   total 206848K, used 160368K [0x0000000080000000, 0x0000000100000000)
  region size 1024K, 35 young (35840K), 1 survivors (1024K)
 Metaspace       used 84818K, committed 85440K, reserved 1130496K
  class space    used 11418K, committed 11712K, reserved 1048576K
}
Event: 45.062 GC heap after
{Heap after GC invocations=51 (full 0):
 garbage-first heap   total 206848K, used 127247K [0x0000000080000000, 0x0000000100000000)
  region size 1024K, 3 young (3072K), 3 survivors (3072K)
 Metaspace       used 84818K, committed 85440K, reserved 1130496K
  class space    used 11418K, committed 11712K, reserved 1048576K
}
Event: 45.871 GC heap before
{Heap before GC invocations=51 (full 0):
 garbage-first heap   total 206848K, used 163087K [0x0000000080000000, 0x0000000100000000)
  region size 1024K, 38 young (38912K), 3 survivors (3072K)
 Metaspace       used 90228K, committed 90944K, reserved 1130496K
  class space    used 12245K, committed 12544K, reserved 1048576K
}
Event: 45.876 GC heap after
{Heap after GC invocations=52 (full 0):
 garbage-first heap   total 206848K, used 129703K [0x0000000080000000, 0x0000000100000000)
  region size 1024K, 5 young (5120K), 5 survivors (5120K)
 Metaspace       used 90228K, committed 90944K, reserved 1130496K
  class space    used 12245K, committed 12544K, reserved 1048576K
}
Event: 46.962 GC heap before
{Heap before GC invocations=52 (full 0):
 garbage-first heap   total 206848K, used 166567K [0x0000000080000000, 0x0000000100000000)
  region size 1024K, 40 young (40960K), 5 survivors (5120K)
 Metaspace       used 94311K, committed 95040K, reserved 1138688K
  class space    used 12666K, committed 12992K, reserved 1048576K
}
Event: 46.971 GC heap after
{Heap after GC invocations=53 (full 0):
 garbage-first heap   total 206848K, used 133120K [0x0000000080000000, 0x0000000100000000)
  region size 1024K, 5 young (5120K), 5 survivors (5120K)
 Metaspace       used 94311K, committed 95040K, reserved 1138688K
  class space    used 12666K, committed 12992K, reserved 1048576K
}
Event: 47.388 GC heap before
{Heap before GC invocations=53 (full 0):
 garbage-first heap   total 206848K, used 167936K [0x0000000080000000, 0x0000000100000000)
  region size 1024K, 40 young (40960K), 5 survivors (5120K)
 Metaspace       used 94641K, committed 95424K, reserved 1138688K
  class space    used 12692K, committed 13056K, reserved 1048576K
}
Event: 47.396 GC heap after
{Heap after GC invocations=54 (full 0):
 garbage-first heap   total 206848K, used 137673K [0x0000000080000000, 0x0000000100000000)
  region size 1024K, 5 young (5120K), 5 survivors (5120K)
 Metaspace       used 94641K, committed 95424K, reserved 1138688K
  class space    used 12692K, committed 13056K, reserved 1048576K
}
Event: 47.746 GC heap before
{Heap before GC invocations=54 (full 0):
 garbage-first heap   total 206848K, used 169417K [0x0000000080000000, 0x0000000100000000)
  region size 1024K, 37 young (37888K), 5 survivors (5120K)
 Metaspace       used 95137K, committed 95872K, reserved 1138688K
  class space    used 12730K, committed 13056K, reserved 1048576K
}
Event: 47.750 GC heap after
{Heap after GC invocations=55 (full 0):
 garbage-first heap   total 206848K, used 139898K [0x0000000080000000, 0x0000000100000000)
  region size 1024K, 3 young (3072K), 3 survivors (3072K)
 Metaspace       used 95137K, committed 95872K, reserved 1138688K
  class space    used 12730K, committed 13056K, reserved 1048576K
}
Event: 48.208 GC heap before
{Heap before GC invocations=55 (full 0):
 garbage-first heap   total 206848K, used 171642K [0x0000000080000000, 0x0000000100000000)
  region size 1024K, 35 young (35840K), 3 survivors (3072K)
 Metaspace       used 96049K, committed 96832K, reserved 1138688K
  class space    used 12821K, committed 13184K, reserved 1048576K
}
Event: 48.214 GC heap after
{Heap after GC invocations=56 (full 0):
 garbage-first heap   total 206848K, used 143360K [0x0000000080000000, 0x0000000100000000)
  region size 1024K, 5 young (5120K), 5 survivors (5120K)
 Metaspace       used 96049K, committed 96832K, reserved 1138688K
  class space    used 12821K, committed 13184K, reserved 1048576K
}
Event: 48.472 GC heap before
{Heap before GC invocations=56 (full 0):
 garbage-first heap   total 206848K, used 174080K [0x0000000080000000, 0x0000000100000000)
  region size 1024K, 35 young (35840K), 5 survivors (5120K)
 Metaspace       used 96877K, committed 97664K, reserved 1138688K
  class space    used 12924K, committed 13312K, reserved 1048576K
}
Event: 48.480 GC heap after
{Heap after GC invocations=57 (full 0):
 garbage-first heap   total 206848K, used 146074K [0x0000000080000000, 0x0000000100000000)
  region size 1024K, 3 young (3072K), 3 survivors (3072K)
 Metaspace       used 96877K, committed 97664K, reserved 1138688K
  class space    used 12924K, committed 13312K, reserved 1048576K
}
Event: 48.918 GC heap before
{Heap before GC invocations=57 (full 0):
 garbage-first heap   total 206848K, used 175770K [0x0000000080000000, 0x0000000100000000)
  region size 1024K, 32 young (32768K), 3 survivors (3072K)
 Metaspace       used 98346K, committed 99200K, reserved 1138688K
  class space    used 13108K, committed 13504K, reserved 1048576K
}
Event: 48.924 GC heap after
{Heap after GC invocations=58 (full 0):
 garbage-first heap   total 206848K, used 147864K [0x0000000080000000, 0x0000000100000000)
  region size 1024K, 4 young (4096K), 4 survivors (4096K)
 Metaspace       used 98346K, committed 99200K, reserved 1138688K
  class space    used 13108K, committed 13504K, reserved 1048576K
}
Event: 157.360 GC heap before
{Heap before GC invocations=59 (full 0):
 garbage-first heap   total 266240K, used 171416K [0x0000000080000000, 0x0000000100000000)
  region size 1024K, 28 young (28672K), 4 survivors (4096K)
 Metaspace       used 100308K, committed 101248K, reserved 1138688K
  class space    used 13386K, committed 13824K, reserved 1048576K
}
Event: 157.367 GC heap after
{Heap after GC invocations=60 (full 0):
 garbage-first heap   total 266240K, used 149960K [0x0000000080000000, 0x0000000100000000)
  region size 1024K, 4 young (4096K), 4 survivors (4096K)
 Metaspace       used 100308K, committed 101248K, reserved 1138688K
  class space    used 13386K, committed 13824K, reserved 1048576K
}
Event: 235.391 GC heap before
{Heap before GC invocations=60 (full 0):
 garbage-first heap   total 266240K, used 159176K [0x0000000080000000, 0x0000000100000000)
  region size 1024K, 13 young (13312K), 4 survivors (4096K)
 Metaspace       used 100514K, committed 101440K, reserved 1138688K
  class space    used 13417K, committed 13888K, reserved 1048576K
}
Event: 235.409 GC heap after
{Heap after GC invocations=61 (full 0):
 garbage-first heap   total 266240K, used 150979K [0x0000000080000000, 0x0000000100000000)
  region size 1024K, 2 young (2048K), 2 survivors (2048K)
 Metaspace       used 100514K, committed 101440K, reserved 1138688K
  class space    used 13417K, committed 13888K, reserved 1048576K
}

Dll operation events (2 events):
Event: 0.103 Loaded shared library C:\Program Files\Android\Android Studio\jbr\bin\java.dll
Event: 1.198 Loaded shared library C:\Program Files\Android\Android Studio\jbr\bin\verify.dll

Deoptimization events (20 events):
Event: 235.028 Thread 0x0000022743882c70 Uncommon trap: trap_request=0xffffff45 fr.pc=0x00000227321626d8 relative=0x0000000000000558
Event: 235.028 Thread 0x0000022743882c70 Uncommon trap: reason=unstable_if action=reinterpret pc=0x00000227321626d8 method=org.gradle.cache.internal.DefaultCrossBuildInMemoryCacheFactory$AbstractCrossBuildInMemoryCache.getIfPresentWithoutLock(Ljava/lang/Object;)Ljava/lang/Object; @ 24 c2
Event: 235.028 Thread 0x0000022743882c70 DEOPT PACKING pc=0x00000227321626d8 sp=0x00000076003fb110
Event: 235.028 Thread 0x0000022743882c70 DEOPT UNPACKING pc=0x00000227316569a3 sp=0x00000076003fb0c8 mode 2
Event: 235.082 Thread 0x0000022743882c70 Uncommon trap: trap_request=0xffffff45 fr.pc=0x000002273219493c relative=0x0000000000003c1c
Event: 235.082 Thread 0x0000022743882c70 Uncommon trap: reason=unstable_if action=reinterpret pc=0x000002273219493c method=org.gradle.cache.internal.DefaultCrossBuildInMemoryCacheFactory$AbstractCrossBuildInMemoryCache.getIfPresentWithoutLock(Ljava/lang/Object;)Ljava/lang/Object; @ 24 c2
Event: 235.082 Thread 0x0000022743882c70 DEOPT PACKING pc=0x000002273219493c sp=0x00000076003f8e90
Event: 235.082 Thread 0x0000022743882c70 DEOPT UNPACKING pc=0x00000227316569a3 sp=0x00000076003f8be8 mode 2
Event: 235.213 Thread 0x0000022743883fb0 Uncommon trap: trap_request=0xffffffd6 fr.pc=0x0000022732227a24 relative=0x0000000000000fa4
Event: 235.213 Thread 0x0000022743883fb0 Uncommon trap: reason=array_check action=maybe_recompile pc=0x0000022732227a24 method=java.util.ComparableTimSort.binarySort([Ljava/lang/Object;III)V @ 183 c2
Event: 235.213 Thread 0x0000022743883fb0 DEOPT PACKING pc=0x0000022732227a24 sp=0x00000076006fe290
Event: 235.214 Thread 0x0000022743883fb0 DEOPT UNPACKING pc=0x00000227316569a3 sp=0x00000076006fe280 mode 2
Event: 235.256 Thread 0x0000022743882c70 Uncommon trap: trap_request=0xffffff45 fr.pc=0x00000227321676cc relative=0x0000000000000cec
Event: 235.256 Thread 0x0000022743882c70 Uncommon trap: reason=unstable_if action=reinterpret pc=0x00000227321676cc method=org.gradle.api.internal.artifacts.dependencies.DefaultImmutableVersionConstraint.<init>(Ljava/lang/String;Ljava/lang/String;Ljava/lang/String;Ljava/util/List;Ljava/lang/Stri
Event: 235.256 Thread 0x0000022743882c70 DEOPT PACKING pc=0x00000227321676cc sp=0x00000076003f8ac0
Event: 235.256 Thread 0x0000022743882c70 DEOPT UNPACKING pc=0x00000227316569a3 sp=0x00000076003f8a08 mode 2
Event: 235.263 Thread 0x0000022743882c70 Uncommon trap: trap_request=0xffffff76 fr.pc=0x000002273226159c relative=0x00000000000003dc
Event: 235.263 Thread 0x0000022743882c70 Uncommon trap: reason=predicate action=maybe_recompile pc=0x000002273226159c method=java.util.AbstractCollection.toArray([Ljava/lang/Object;)[Ljava/lang/Object; @ 43 c2
Event: 235.263 Thread 0x0000022743882c70 DEOPT PACKING pc=0x000002273226159c sp=0x00000076003f7f10
Event: 235.263 Thread 0x0000022743882c70 DEOPT UNPACKING pc=0x00000227316569a3 sp=0x00000076003f7eb8 mode 2

Classes unloaded (2 events):
Event: 49.054 Thread 0x00000227401b8570 Unloading class 0x0000000100cc1400 'java/lang/invoke/LambdaForm$DMH+0x0000000100cc1400'
Event: 49.054 Thread 0x00000227401b8570 Unloading class 0x0000000100cc1000 'java/lang/invoke/LambdaForm$DMH+0x0000000100cc1000'

Classes redefined (0 events):
No events

Internal exceptions (20 events):
Event: 49.008 Thread 0x000002274190c590 Exception <a 'java/lang/ClassNotFoundException'{0x000000008cfbc220}: java/util/LinkedHashMapBeanInfo> (0x000000008cfbc220) 
thrown [s\src\hotspot\share\classfile\systemDictionary.cpp, line 256]
Event: 49.008 Thread 0x000002274190c590 Exception <a 'java/lang/ClassNotFoundException'{0x000000008cfc0798}: java/util/HashMapBeanInfo> (0x000000008cfc0798) 
thrown [s\src\hotspot\share\classfile\systemDictionary.cpp, line 256]
Event: 49.008 Thread 0x000002274190c590 Exception <a 'java/lang/ClassNotFoundException'{0x000000008cfc5268}: java/util/AbstractMapBeanInfo> (0x000000008cfc5268) 
thrown [s\src\hotspot\share\classfile\systemDictionary.cpp, line 256]
Event: 49.008 Thread 0x000002274190c590 Exception <a 'java/lang/ClassNotFoundException'{0x000000008cfc97e0}: java/util/AbstractMapCustomizer> (0x000000008cfc97e0) 
thrown [s\src\hotspot\share\classfile\systemDictionary.cpp, line 256]
Event: 49.009 Thread 0x000002274190c590 Exception <a 'java/lang/ClassNotFoundException'{0x000000008cfd7e80}: java/util/HashMapCustomizer> (0x000000008cfd7e80) 
thrown [s\src\hotspot\share\classfile\systemDictionary.cpp, line 256]
Event: 49.011 Thread 0x000002274190c590 Exception <a 'java/lang/ClassNotFoundException'{0x000000008cff4440}: java/util/LinkedHashMapCustomizer> (0x000000008cff4440) 
thrown [s\src\hotspot\share\classfile\systemDictionary.cpp, line 256]
Event: 49.288 Thread 0x0000022741bb6ad0 Exception <a 'java/lang/NoSuchMethodError'{0x000000008fc7f470}: static Lorg/gradle/internal/classloader/ClassLoaderSpec;.<clinit>()V> (0x000000008fc7f470) 
thrown [s\src\hotspot\share\prims\jni.cpp, line 1108]
Event: 49.289 Thread 0x0000022741bb6ad0 Exception <a 'java/lang/NoSuchMethodError'{0x000000008fc90620}: static Lorg/gradle/internal/classloader/VisitableURLClassLoader$Spec;.<clinit>()V> (0x000000008fc90620) 
thrown [s\src\hotspot\share\prims\jni.cpp, line 1108]
Event: 49.290 Thread 0x0000022741bb6ad0 Exception <a 'java/lang/NoSuchMethodError'{0x000000008fca6d28}: static [Ljava/net/URL;.<clinit>()V> (0x000000008fca6d28) 
thrown [s\src\hotspot\share\prims\jni.cpp, line 1108]
Event: 49.300 Thread 0x0000022741bb6ad0 Exception <a 'java/lang/NoSuchMethodError'{0x000000008fcbeb10}: static Lorg/gradle/internal/classloader/FilteringClassLoader$Spec;.<clinit>()V> (0x000000008fcbeb10) 
thrown [s\src\hotspot\share\prims\jni.cpp, line 1108]
Event: 49.301 Thread 0x0000022741bb6ad0 Exception <a 'java/lang/NoSuchMethodError'{0x000000008fcce7a8}: static Lorg/gradle/internal/classloader/CachingClassLoader$Spec;.<clinit>()V> (0x000000008fcce7a8) 
thrown [s\src\hotspot\share\prims\jni.cpp, line 1108]
Event: 235.134 Thread 0x0000022743882c70 Exception <a 'java/lang/ClassNotFoundException'{0x00000000900f0ee0}: settings_6cj0m4hey1gp1ht0qhhjasgjcBeanInfo> (0x00000000900f0ee0) 
thrown [s\src\hotspot\share\classfile\systemDictionary.cpp, line 256]
Event: 235.134 Thread 0x0000022743882c70 Exception <a 'java/lang/ClassNotFoundException'{0x00000000900f7cd8}: settings_6cj0m4hey1gp1ht0qhhjasgjcCustomizer> (0x00000000900f7cd8) 
thrown [s\src\hotspot\share\classfile\systemDictionary.cpp, line 256]
Event: 235.149 Thread 0x0000022743882c70 Exception <a 'java/lang/ClassNotFoundException'{0x000000008ff9d720}: settings_6cj0m4hey1gp1ht0qhhjasgjcBeanInfo> (0x000000008ff9d720) 
thrown [s\src\hotspot\share\classfile\systemDictionary.cpp, line 256]
Event: 235.149 Thread 0x0000022743882c70 Exception <a 'java/lang/ClassNotFoundException'{0x000000008ffa46c8}: settings_6cj0m4hey1gp1ht0qhhjasgjcCustomizer> (0x000000008ffa46c8) 
thrown [s\src\hotspot\share\classfile\systemDictionary.cpp, line 256]
Event: 235.213 Thread 0x0000022743883fb0 Exception <a 'java/lang/NoSuchMethodError'{0x000000008fe6b6a0}: static Lorg/gradle/internal/build/event/types/DefaultOperationStartedProgressEvent;.<clinit>()V> (0x000000008fe6b6a0) 
thrown [s\src\hotspot\share\prims\jni.cpp, line 1108]
Event: 235.216 Thread 0x0000022743883fb0 Exception <a 'java/lang/NoSuchMethodError'{0x000000008fe975e8}: static Lorg/gradle/internal/build/event/types/DefaultProjectConfigurationDescriptor;.<clinit>()V> (0x000000008fe975e8) 
thrown [s\src\hotspot\share\prims\jni.cpp, line 1108]
Event: 235.216 Thread 0x0000022743883fb0 Exception <a 'java/lang/NoSuchMethodError'{0x000000008fe99bb0}: static Lorg/gradle/internal/build/event/types/DefaultOperationDescriptor;.<clinit>()V> (0x000000008fe99bb0) 
thrown [s\src\hotspot\share\prims\jni.cpp, line 1108]
Event: 235.229 Thread 0x0000022743882c70 Exception <a 'java/lang/ClassNotFoundException'{0x000000008fd40540}: build_b5sincuxuayxqc7lppj9txj1kBeanInfo> (0x000000008fd40540) 
thrown [s\src\hotspot\share\classfile\systemDictionary.cpp, line 256]
Event: 235.229 Thread 0x0000022743882c70 Exception <a 'java/lang/ClassNotFoundException'{0x000000008fd47510}: build_b5sincuxuayxqc7lppj9txj1kCustomizer> (0x000000008fd47510) 
thrown [s\src\hotspot\share\classfile\systemDictionary.cpp, line 256]

VM Operations (20 events):
Event: 158.375 Executing VM operation: Cleanup
Event: 158.375 Executing VM operation: Cleanup done
Event: 167.439 Executing VM operation: Cleanup
Event: 167.440 Executing VM operation: Cleanup done
Event: 206.788 Executing VM operation: Cleanup
Event: 206.788 Executing VM operation: Cleanup done
Event: 207.799 Executing VM operation: Cleanup
Event: 207.799 Executing VM operation: Cleanup done
Event: 215.867 Executing VM operation: Cleanup
Event: 215.867 Executing VM operation: Cleanup done
Event: 216.868 Executing VM operation: Cleanup
Event: 216.869 Executing VM operation: Cleanup done
Event: 217.880 Executing VM operation: Cleanup
Event: 217.880 Executing VM operation: Cleanup done
Event: 227.950 Executing VM operation: Cleanup
Event: 227.950 Executing VM operation: Cleanup done
Event: 234.982 Executing VM operation: Cleanup
Event: 234.982 Executing VM operation: Cleanup done
Event: 235.391 Executing VM operation: G1CollectForAllocation
Event: 235.516 Executing VM operation: G1CollectForAllocation done

Events (20 events):
Event: 235.003 Thread 0x00000227438822d0 Thread added: 0x00000227438822d0
Event: 235.004 loading class jdk/internal/math/FormattedFloatingDecimal$Form
Event: 235.004 loading class jdk/internal/math/FormattedFloatingDecimal$Form done
Event: 235.004 loading class jdk/internal/math/FormattedFloatingDecimal
Event: 235.007 loading class jdk/internal/math/FormattedFloatingDecimal done
Event: 235.007 loading class jdk/internal/math/FormattedFloatingDecimal$1
Event: 235.007 loading class jdk/internal/math/FormattedFloatingDecimal$1 done
Event: 235.007 loading class jdk/internal/math/FormattedFloatingDecimal$2
Event: 235.008 loading class jdk/internal/math/FormattedFloatingDecimal$2 done
Event: 235.008 Thread 0x000002274387f2b0 Thread added: 0x000002274387f2b0
Event: 235.009 Thread 0x0000022743883fb0 Thread added: 0x0000022743883fb0
Event: 235.061 Thread 0x0000022743883610 Thread added: 0x0000022743883610
Event: 235.068 Thread 0x0000022743885c90 Thread added: 0x0000022743885c90
Event: 235.084 Thread 0x0000022743883ae0 Thread added: 0x0000022743883ae0
Event: 235.094 Thread 0x00000227438805f0 Thread added: 0x00000227438805f0
Event: 235.153 Thread 0x0000022743345e40 Thread added: 0x0000022743345e40
Event: 235.176 Thread 0x0000022743880ac0 Thread added: 0x0000022743880ac0
Event: 235.253 Thread 0x000002274387e910 Thread added: 0x000002274387e910
Event: 235.525 Thread 0x0000022743345e40 Thread exited: 0x0000022743345e40
Event: 235.591 Thread 0x0000022743343ad0 Thread added: 0x0000022743343ad0


Dynamic libraries:
0x00007ff7ea850000 - 0x00007ff7ea85a000 	C:\Program Files\Android\Android Studio\jbr\bin\java.exe
0x00007ff8e0cf0000 - 0x00007ff8e0ee8000 	C:\Windows\SYSTEM32\ntdll.dll
0x00007ff8e04f0000 - 0x00007ff8e05b1000 	C:\Windows\System32\KERNEL32.DLL
0x00007ff8de710000 - 0x00007ff8dea0d000 	C:\Windows\System32\KERNELBASE.dll
0x00007ff8dec20000 - 0x00007ff8ded20000 	C:\Windows\System32\ucrtbase.dll
0x00007ff8c33c0000 - 0x00007ff8c33d7000 	C:\Program Files\Android\Android Studio\jbr\bin\jli.dll
0x00007ff8ded80000 - 0x00007ff8def1d000 	C:\Windows\System32\USER32.dll
0x00007ff8dead0000 - 0x00007ff8deaf2000 	C:\Windows\System32\win32u.dll
0x00007ff8dfc30000 - 0x00007ff8dfc5b000 	C:\Windows\System32\GDI32.dll
0x00007ff8deb00000 - 0x00007ff8dec17000 	C:\Windows\System32\gdi32full.dll
0x00007ff8de5c0000 - 0x00007ff8de65d000 	C:\Windows\System32\msvcp_win.dll
0x00007ff8c21c0000 - 0x00007ff8c21db000 	C:\Program Files\Android\Android Studio\jbr\bin\VCRUNTIME140.dll
0x00007ff8dd700000 - 0x00007ff8dd99a000 	C:\Windows\WinSxS\amd64_microsoft.windows.common-controls_6595b64144ccf1df_6.0.19041.4355_none_60b8b9eb71f62e16\COMCTL32.dll
0x00007ff8dfb10000 - 0x00007ff8dfbae000 	C:\Windows\System32\msvcrt.dll
0x00007ff8e0c80000 - 0x00007ff8e0caf000 	C:\Windows\System32\IMM32.DLL
0x00007ff8c03c0000 - 0x00007ff8c03cc000 	C:\Program Files\Android\Android Studio\jbr\bin\vcruntime140_1.dll
0x00007ff883300000 - 0x00007ff88338d000 	C:\Program Files\Android\Android Studio\jbr\bin\msvcp140.dll
0x00007ff875960000 - 0x00007ff8765ce000 	C:\Program Files\Android\Android Studio\jbr\bin\server\jvm.dll
0x00007ff8e0bd0000 - 0x00007ff8e0c80000 	C:\Windows\System32\ADVAPI32.dll
0x00007ff8df300000 - 0x00007ff8df3a0000 	C:\Windows\System32\sechost.dll
0x00007ff8df0a0000 - 0x00007ff8df1c3000 	C:\Windows\System32\RPCRT4.dll
0x00007ff8de3a0000 - 0x00007ff8de3c7000 	C:\Windows\System32\bcrypt.dll
0x00007ff8c72a0000 - 0x00007ff8c72a9000 	C:\Windows\SYSTEM32\WSOCK32.dll
0x00007ff8e06e0000 - 0x00007ff8e074b000 	C:\Windows\System32\WS2_32.dll
0x00007ff8b88a0000 - 0x00007ff8b88c7000 	C:\Windows\SYSTEM32\WINMM.dll
0x00007ff8dad20000 - 0x00007ff8dad2a000 	C:\Windows\SYSTEM32\VERSION.dll
0x00007ff8db430000 - 0x00007ff8db442000 	C:\Windows\SYSTEM32\kernel.appcore.dll
0x00007ff8dacd0000 - 0x00007ff8dacda000 	C:\Program Files\Android\Android Studio\jbr\bin\jimage.dll
0x00007ff8ddb50000 - 0x00007ff8ddd34000 	C:\Windows\SYSTEM32\DBGHELP.DLL
0x00007ff8ddb10000 - 0x00007ff8ddb44000 	C:\Windows\SYSTEM32\dbgcore.DLL
0x00007ff8de530000 - 0x00007ff8de5b2000 	C:\Windows\System32\bcryptPrimitives.dll
0x00007ff8d3a50000 - 0x00007ff8d3a75000 	C:\Program Files\Android\Android Studio\jbr\bin\java.dll
0x00007ff8d39c0000 - 0x00007ff8d39d8000 	C:\Program Files\Android\Android Studio\jbr\bin\zip.dll
0x00007ff8df3a0000 - 0x00007ff8dfb0f000 	C:\Windows\System32\SHELL32.dll
0x00007ff8db730000 - 0x00007ff8dbed3000 	C:\Windows\SYSTEM32\windows.storage.dll
0x00007ff8e0810000 - 0x00007ff8e0b63000 	C:\Windows\System32\combase.dll
0x00007ff8dd660000 - 0x00007ff8dd68e000 	C:\Windows\SYSTEM32\Wldp.dll
0x00007ff8defd0000 - 0x00007ff8df09d000 	C:\Windows\System32\OLEAUT32.dll
0x00007ff8e0750000 - 0x00007ff8e07fd000 	C:\Windows\System32\SHCORE.dll
0x00007ff8e0b70000 - 0x00007ff8e0bc5000 	C:\Windows\System32\shlwapi.dll
0x00007ff8de2d0000 - 0x00007ff8de2f4000 	C:\Windows\SYSTEM32\profapi.dll
0x00007ff8d3470000 - 0x00007ff8d3489000 	C:\Program Files\Android\Android Studio\jbr\bin\net.dll
0x00007ff8d7e40000 - 0x00007ff8d7f4d000 	C:\Windows\SYSTEM32\WINHTTP.dll
0x00007ff8dd340000 - 0x00007ff8dd3aa000 	C:\Windows\system32\mswsock.dll
0x00007ff8c3590000 - 0x00007ff8c35a6000 	C:\Program Files\Android\Android Studio\jbr\bin\nio.dll
0x00007ff8daaf0000 - 0x00007ff8dab00000 	C:\Program Files\Android\Android Studio\jbr\bin\verify.dll
0x00007ff8bb010000 - 0x00007ff8bb037000 	C:\Users\RIVERA-PC\.gradle\native\68d5fa5c4cc2d200863cafc0d521ce42e7d3e7ee720ec0a83991735586a16f82\windows-amd64\native-platform.dll
0x00007ff877f20000 - 0x00007ff878064000 	C:\Users\RIVERA-PC\.gradle\native\e376f236ea51e6404a007f0833ffe2c6e607c4080706a723a18a27aeea778392\windows-amd64\native-platform-file-events.dll
0x00007ff8d6410000 - 0x00007ff8d6419000 	C:\Program Files\Android\Android Studio\jbr\bin\management.dll
0x00007ff8c37a0000 - 0x00007ff8c37ab000 	C:\Program Files\Android\Android Studio\jbr\bin\management_ext.dll
0x00007ff8e0800000 - 0x00007ff8e0808000 	C:\Windows\System32\PSAPI.DLL
0x00007ff8de0a0000 - 0x00007ff8de0b8000 	C:\Windows\SYSTEM32\CRYPTSP.dll
0x00007ff8dcd40000 - 0x00007ff8dcd74000 	C:\Windows\system32\rsaenh.dll
0x00007ff8de290000 - 0x00007ff8de2be000 	C:\Windows\SYSTEM32\USERENV.dll
0x00007ff8dd570000 - 0x00007ff8dd57c000 	C:\Windows\SYSTEM32\CRYPTBASE.dll
0x00007ff8dd0a0000 - 0x00007ff8dd0db000 	C:\Windows\SYSTEM32\IPHLPAPI.DLL
0x00007ff8e0620000 - 0x00007ff8e0628000 	C:\Windows\System32\NSI.dll
0x00007ff8d8010000 - 0x00007ff8d8027000 	C:\Windows\SYSTEM32\dhcpcsvc6.DLL
0x00007ff8d7ff0000 - 0x00007ff8d800d000 	C:\Windows\SYSTEM32\dhcpcsvc.DLL
0x00007ff8dd0e0000 - 0x00007ff8dd1aa000 	C:\Windows\SYSTEM32\DNSAPI.dll
0x00007ff8c33b0000 - 0x00007ff8c33b7000 	C:\Windows\system32\wshunix.dll

dbghelp: loaded successfully - version: 4.0.5 - missing functions: none
symbol engine: initialized successfully - sym options: 0x614 - pdb path: .;C:\Program Files\Android\Android Studio\jbr\bin;C:\Windows\SYSTEM32;C:\Windows\WinSxS\amd64_microsoft.windows.common-controls_6595b64144ccf1df_6.0.19041.4355_none_60b8b9eb71f62e16;C:\Program Files\Android\Android Studio\jbr\bin\server;C:\Users\RIVERA-PC\.gradle\native\68d5fa5c4cc2d200863cafc0d521ce42e7d3e7ee720ec0a83991735586a16f82\windows-amd64;C:\Users\RIVERA-PC\.gradle\native\e376f236ea51e6404a007f0833ffe2c6e607c4080706a723a18a27aeea778392\windows-amd64

VM Arguments:
jvm_args: --add-opens=java.base/java.util=ALL-UNNAMED --add-opens=java.base/java.lang=ALL-UNNAMED --add-opens=java.base/java.lang.invoke=ALL-UNNAMED --add-opens=java.prefs/java.util.prefs=ALL-UNNAMED --add-opens=java.base/java.nio.charset=ALL-UNNAMED --add-opens=java.base/java.net=ALL-UNNAMED --add-opens=java.base/java.util.concurrent.atomic=ALL-UNNAMED -Xmx2048m -Dfile.encoding=UTF-8 -Duser.country=PH -Duser.language=en -Duser.variant 
java_command: org.gradle.launcher.daemon.bootstrap.GradleDaemon 8.0
java_class_path (initial): C:\Users\RIVERA-PC\.gradle\wrapper\dists\gradle-8.0-bin\ca5e32bp14vu59qr306oxotwh\gradle-8.0\lib\gradle-launcher-8.0.jar
Launcher Type: SUN_STANDARD

[Global flags]
     intx CICompilerCount                          = 3                                         {product} {ergonomic}
     uint ConcGCThreads                            = 1                                         {product} {ergonomic}
     uint G1ConcRefinementThreads                  = 4                                         {product} {ergonomic}
   size_t G1HeapRegionSize                         = 1048576                                   {product} {ergonomic}
    uintx GCDrainStackTargetSize                   = 64                                        {product} {ergonomic}
   size_t InitialHeapSize                          = 268435456                                 {product} {ergonomic}
   size_t MarkStackSize                            = 4194304                                   {product} {ergonomic}
   size_t MaxHeapSize                              = 2147483648                                {product} {command line}
   size_t MaxNewSize                               = 1287651328                                {product} {ergonomic}
   size_t MinHeapDeltaBytes                        = 1048576                                   {product} {ergonomic}
   size_t MinHeapSize                              = 8388608                                   {product} {ergonomic}
    uintx NonNMethodCodeHeapSize                   = 5832780                                {pd product} {ergonomic}
    uintx NonProfiledCodeHeapSize                  = 122912730                              {pd product} {ergonomic}
    uintx ProfiledCodeHeapSize                     = 122912730                              {pd product} {ergonomic}
    uintx ReservedCodeCacheSize                    = 251658240                              {pd product} {ergonomic}
     bool SegmentedCodeCache                       = true                                      {product} {ergonomic}
   size_t SoftMaxHeapSize                          = 2147483648                             {manageable} {ergonomic}
     bool UseCompressedClassPointers               = true                           {product lp64_product} {ergonomic}
     bool UseCompressedOops                        = true                           {product lp64_product} {ergonomic}
     bool UseG1GC                                  = true                                      {product} {ergonomic}
     bool UseLargePagesIndividualAllocation        = false                                  {pd product} {ergonomic}

Logging:
Log output configuration:
 #0: stdout all=warning uptime,level,tags
 #1: stderr all=off uptime,level,tags

Environment Variables:
PATH=C:\Program Files\Common Files\Oracle\Java\javapath;C:\Windows\system32;C:\Windows;C:\Windows\System32\Wbem;C:\Windows\System32\WindowsPowerShell\v1.0\;C:\Windows\System32\OpenSSH\;C:\Program Files\Git\cmd;C:\Users\RIVERA-PC\AppData\Local\Programs\Python\Launcher\;C:\Users\RIVERA-PC\AppData\Local\Microsoft\WindowsApps;C:\Users\RIVERA-PC\AppData\Local\GitHubDesktop\bin
USERNAME=RIVERA-PC
OS=Windows_NT
PROCESSOR_IDENTIFIER=Intel64 Family 6 Model 94 Stepping 3, GenuineIntel
TMP=C:\Users\RIVERA~1\AppData\Local\Temp
TEMP=C:\Users\RIVERA~1\AppData\Local\Temp


JNI global refs:
JNI global refs: 27, weak refs: 6

JNI global refs memory usage: 843, weak refs: 841


---------------  S Y S T E M  ---------------

OS:
 Windows 10 , 64 bit Build 19041 (10.0.19041.4842)
OS uptime: 0 days 0:14 hours

CPU: total 4 (initial active 4) (4 cores per cpu, 1 threads per core) family 6 model 94 stepping 3 microcode 0xf2, cx8, cmov, fxsr, mmx, 3dnowpref, sse, sse2, sse3, ssse3, sse4.1, sse4.2, popcnt, lzcnt, tsc, tscinvbit, avx, avx2, aes, erms, clmul, bmi1, bmi2, rtm, adx, fma, vzeroupper, clflush, clflushopt

Memory: 4k page, system-wide physical 16267M (7643M free)
TotalPageFile size 18699M (AvailPageFile size 10480M)
current process WorkingSet (physical memory assigned to process): 471M, peak: 480M
current process commit charge ("private bytes"): 550M, peak: 568M

vm_info: OpenJDK 64-Bit Server VM (17.0.6+0-b2043.56-10027231) for windows-amd64 JRE (17.0.6+0-b2043.56-10027231), built on Apr 28 2023 00:43:19 by "androidbuild" with MS VC++ 16.10 / 16.11 (VS2019)

END.
